{"meta": {"format": 3, "version": "7.13.5", "timestamp": "2026-04-15T23:24:02.155769", "branch_coverage": false, "show_contexts": false}, "files": {"scripts/generate_public_report.py": {"executed_lines": [41, 43, 44, 45, 46, 47, 48, 49, 50, 52, 54, 57, 60, 61, 62, 63, 64, 65, 69, 70, 77, 78, 81, 82, 89, 90, 93, 94, 103, 104, 105, 106, 109, 110, 118, 119, 120, 123, 124, 136, 137, 138, 139, 142, 143, 158, 159, 160, 161, 162, 163, 164, 168, 176, 177, 189, 192, 194, 197, 198, 199, 200, 203, 204, 205, 206, 209, 210, 211, 212, 213, 214, 217, 218, 219, 222, 223, 225, 228, 231, 233, 234, 235, 237, 277, 280, 282, 283, 285, 287, 288, 289, 291, 293, 320, 323, 324, 325, 327, 329, 331, 332, 333, 334, 335, 336, 337, 338, 339, 340, 342, 349, 350, 351, 352, 353, 354, 355, 356, 357, 359, 360, 361, 362, 363, 364, 365, 370, 371, 372, 373, 374, 376, 378, 379, 380, 381, 383, 384, 386, 387, 388, 389, 391, 402, 411, 412, 413, 416, 417, 418, 419, 421, 422, 423, 425, 443, 454, 455, 456, 459, 460, 461, 462, 465, 471, 477, 485, 492, 500, 505, 512, 522, 534, 536, 537, 538, 539, 540, 541, 543, 545, 559, 560, 563, 566, 569, 571, 572, 573, 574, 575, 576, 577, 579, 582, 609], "summary": {"covered_lines": 197, "num_statements": 209, "percent_covered": 94.25837320574162, "percent_covered_display": "94", "missing_lines": 12, "excluded_lines": 0, "percent_statements_covered": 94.25837320574162, "percent_statements_covered_display": "94"}, "missing_lines": [186, 414, 583, 584, 591, 597, 599, 600, 604, 605, 606, 610], "excluded_lines": [], "functions": {"ReportRenderer.render": {"executed_lines": [], "summary": {"covered_lines": 0, "num_statements": 1, "percent_covered": 0.0, "percent_covered_display": "0", "missing_lines": 1, "excluded_lines": 0, "percent_statements_covered": 0.0, "percent_statements_covered_display": "0"}, "missing_lines": [186], "excluded_lines": [], "start_line": 177}, "MarkdownRenderer.render": {"executed_lines": [194, 197, 198, 199, 200, 203, 204, 205, 206, 209, 210, 211, 212, 213, 214, 217, 218, 219, 222, 223, 225], "summary": {"covered_lines": 21, "num_statements": 21, "percent_covered": 100.0, "percent_covered_display": "100", "missing_lines": 0, "excluded_lines": 0, "percent_statements_covered": 100.0, "percent_statements_covered_display": "100"}, "missing_lines": [], "excluded_lines": [], "start_line": 192}, "HtmlRenderer.render": {"executed_lines": [233, 234, 235, 237], "summary": {"covered_lines": 4, "num_statements": 4, "percent_covered": 100.0, "percent_covered_display": "100", "missing_lines": 0, "excluded_lines": 0, "percent_statements_covered": 100.0, "percent_statements_covered_display": "100"}, "missing_lines": [], "excluded_lines": [], "start_line": 231}, "JsonRenderer.render": {"executed_lines": [282, 283], "summary": {"covered_lines": 2, "num_statements": 2, "percent_covered": 100.0, "percent_covered_display": "100", "missing_lines": 0, "excluded_lines": 0, "percent_statements_covered": 100.0, "percent_statements_covered_display": "100"}, "missing_lines": [], "excluded_lines": [], "start_line": 280}, "JsonRenderer._dataframe_to_records": {"executed_lines": [287, 288, 289], "summary": {"covered_lines": 3, "num_statements": 3, "percent_covered": 100.0, "percent_covered_display": "100", "missing_lines": 0, "excluded_lines": 0, "percent_statements_covered": 100.0, "percent_statements_covered_display": "100"}, "missing_lines": [], "excluded_lines": [], "start_line": 285}, "JsonRenderer._build_json_structure": {"executed_lines": [293], "summary": {"covered_lines": 1, "num_statements": 1, "percent_covered": 100.0, "percent_covered_display": "100", "missing_lines": 0, "excluded_lines": 0, "percent_statements_covered": 100.0, "percent_statements_covered_display": "100"}, "missing_lines": [], "excluded_lines": [], "start_line": 291}, "PublicReportGenerator.__init__": {"executed_lines": [324, 325], "summary": {"covered_lines": 2, "num_statements": 2, "percent_covered": 100.0, "percent_covered_display": "100", "missing_lines": 0, "excluded_lines": 0, "percent_statements_covered": 100.0, "percent_statements_covered_display": "100"}, "missing_lines": [], "excluded_lines": [], "start_line": 323}, "PublicReportGenerator.load_anomaly_reports": {"executed_lines": [329, 331, 342], "summary": {"covered_lines": 3, "num_statements": 3, "percent_covered": 100.0, "percent_covered_display": "100", "missing_lines": 0, "excluded_lines": 0, "percent_statements_covered": 100.0, "percent_statements_covered_display": "100"}, "missing_lines": [], "excluded_lines": [], "start_line": 327}, "PublicReportGenerator.load_anomaly_reports.load_csv": {"executed_lines": [332, 333, 334, 335, 336, 337, 338, 339, 340], "summary": {"covered_lines": 9, "num_statements": 9, "percent_covered": 100.0, "percent_covered_display": "100", "missing_lines": 0, "excluded_lines": 0, "percent_statements_covered": 100.0, "percent_statements_covered_display": "100"}, "missing_lines": [], "excluded_lines": [], "start_line": 331}, "PublicReportGenerator._collect_cnpj_values": {"executed_lines": [351, 352, 353, 354, 355, 356, 357], "summary": {"covered_lines": 7, "num_statements": 7, "percent_covered": 100.0, "percent_covered_display": "100", "missing_lines": 0, "excluded_lines": 0, "percent_statements_covered": 100.0, "percent_statements_covered_display": "100"}, "missing_lines": [], "excluded_lines": [], "start_line": 350}, "PublicReportGenerator._collect_z_scores": {"executed_lines": [361, 362, 363, 364, 365, 370, 371, 372, 373, 374], "summary": {"covered_lines": 10, "num_statements": 10, "percent_covered": 100.0, "percent_covered_display": "100", "missing_lines": 0, "excluded_lines": 0, "percent_statements_covered": 100.0, "percent_statements_covered_display": "100"}, "missing_lines": [], "excluded_lines": [], "start_line": 360}, "PublicReportGenerator.calculate_summary_statistics": {"executed_lines": [378, 379, 380, 381, 383, 384, 386, 387, 388, 389, 391], "summary": {"covered_lines": 11, "num_statements": 11, "percent_covered": 100.0, "percent_covered_display": "100", "missing_lines": 0, "excluded_lines": 0, "percent_statements_covered": 100.0, "percent_statements_covered_display": "100"}, "missing_lines": [], "excluded_lines": [], "start_line": 376}, "PublicReportGenerator.anonymize_fund_data": {"executed_lines": [411, 412, 413, 416, 417, 418, 419, 421, 422, 423], "summary": {"covered_lines": 10, "num_statements": 11, "percent_covered": 90.9090909090909, "percent_covered_display": "91", "missing_lines": 1, "excluded_lines": 0, "percent_statements_covered": 90.9090909090909, "percent_statements_covered_display": "91"}, "missing_lines": [414], "excluded_lines": [], "start_line": 402}, "PublicReportGenerator._build_report_data": {"executed_lines": [443, 454, 455, 456, 459, 460, 461, 462, 465, 471, 477, 485, 492, 500, 505, 512], "summary": {"covered_lines": 16, "num_statements": 16, "percent_covered": 100.0, "percent_covered_display": "100", "missing_lines": 0, "excluded_lines": 0, "percent_statements_covered": 100.0, "percent_statements_covered_display": "100"}, "missing_lines": [], "excluded_lines": [], "start_line": 425}, "PublicReportGenerator._get_renderer": {"executed_lines": [534, 536, 537, 538, 539, 540, 541, 543], "summary": {"covered_lines": 8, "num_statements": 8, "percent_covered": 100.0, "percent_covered_display": "100", "missing_lines": 0, "excluded_lines": 0, "percent_statements_covered": 100.0, "percent_statements_covered_display": "100"}, "missing_lines": [], "excluded_lines": [], "start_line": 522}, "PublicReportGenerator.generate_report": {"executed_lines": [559, 560, 563, 566, 569, 571, 572, 573, 574, 575, 576, 577, 579], "summary": {"covered_lines": 13, "num_statements": 13, "percent_covered": 100.0, "percent_covered_display": "100", "missing_lines": 0, "excluded_lines": 0, "percent_statements_covered": 100.0, "percent_statements_covered_display": "100"}, "missing_lines": [], "excluded_lines": [], "start_line": 545}, "main": {"executed_lines": [], "summary": {"covered_lines": 0, "num_statements": 9, "percent_covered": 0.0, "percent_covered_display": "0", "missing_lines": 9, "excluded_lines": 0, "percent_statements_covered": 0.0, "percent_statements_covered_display": "0"}, "missing_lines": [583, 584, 591, 597, 599, 600, 604, 605, 606], "excluded_lines": [], "start_line": 582}, "": {"executed_lines": [41, 43, 44, 45, 46, 47, 48, 49, 50, 52, 54, 57, 60, 61, 62, 63, 64, 65, 69, 70, 77, 78, 81, 82, 89, 90, 93, 94, 103, 104, 105, 106, 109, 110, 118, 119, 120, 123, 124, 136, 137, 138, 139, 142, 143, 158, 159, 160, 161, 162, 163, 164, 168, 176, 177, 189, 192, 228, 231, 277, 280, 285, 291, 320, 323, 327, 349, 350, 359, 360, 376, 402, 425, 522, 545, 582, 609], "summary": {"covered_lines": 77, "num_statements": 78, "percent_covered": 98.71794871794872, "percent_covered_display": "99", "missing_lines": 1, "excluded_lines": 0, "percent_statements_covered": 98.71794871794872, "percent_statements_covered_display": "99"}, "missing_lines": [610], "excluded_lines": [], "start_line": 1}}, "classes": {"ReportPaths": {"executed_lines": [], "summary": {"covered_lines": 0, "num_statements": 0, "percent_covered": 100.0, "percent_covered_display": "100", "missing_lines": 0, "excluded_lines": 0, "percent_statements_covered": 100.0, "percent_statements_covered_display": "100"}, "missing_lines": [], "excluded_lines": [], "start_line": 61}, "ReportMetadata": {"executed_lines": [], "summary": {"covered_lines": 0, "num_statements": 0, "percent_covered": 100.0, "percent_covered_display": "100", "missing_lines": 0, "excluded_lines": 0, "percent_statements_covered": 100.0, "percent_statements_covered_display": "100"}, "missing_lines": [], "excluded_lines": [], "start_line": 70}, "ExecutiveSummary": {"executed_lines": [], "summary": {"covered_lines": 0, "num_statements": 0, "percent_covered": 100.0, "percent_covered_display": "100", "missing_lines": 0, "excluded_lines": 0, "percent_statements_covered": 100.0, "percent_statements_covered_display": "100"}, "missing_lines": [], "excluded_lines": [], "start_line": 82}, "DetailedFindings": {"executed_lines": [], "summary": {"covered_lines": 0, "num_statements": 0, "percent_covered": 100.0, "percent_covered_display": "100", "missing_lines": 0, "excluded_lines": 0, "percent_statements_covered": 100.0, "percent_statements_covered_display": "100"}, "missing_lines": [], "excluded_lines": [], "start_line": 94}, "SeverityDistribution": {"executed_lines": [], "summary": {"covered_lines": 0, "num_statements": 0, "percent_covered": 100.0, "percent_covered_display": "100", "missing_lines": 0, "excluded_lines": 0, "percent_statements_covered": 100.0, "percent_statements_covered_display": "100"}, "missing_lines": [], "excluded_lines": [], "start_line": 110}, "AnonymizedDatasets": {"executed_lines": [], "summary": {"covered_lines": 0, "num_statements": 0, "percent_covered": 100.0, "percent_covered_display": "100", "missing_lines": 0, "excluded_lines": 0, "percent_statements_covered": 100.0, "percent_statements_covered_display": "100"}, "missing_lines": [], "excluded_lines": [], "start_line": 124}, "ReportData": {"executed_lines": [], "summary": {"covered_lines": 0, "num_statements": 0, "percent_covered": 100.0, "percent_covered_display": "100", "missing_lines": 0, "excluded_lines": 0, "percent_statements_covered": 100.0, "percent_statements_covered_display": "100"}, "missing_lines": [], "excluded_lines": [], "start_line": 143}, "ReportRenderer": {"executed_lines": [], "summary": {"covered_lines": 0, "num_statements": 1, "percent_covered": 0.0, "percent_covered_display": "0", "missing_lines": 1, "excluded_lines": 0, "percent_statements_covered": 0.0, "percent_statements_covered_display": "0"}, "missing_lines": [186], "excluded_lines": [], "start_line": 168}, "MarkdownRenderer": {"executed_lines": [194, 197, 198, 199, 200, 203, 204, 205, 206, 209, 210, 211, 212, 213, 214, 217, 218, 219, 222, 223, 225], "summary": {"covered_lines": 21, "num_statements": 21, "percent_covered": 100.0, "percent_covered_display": "100", "missing_lines": 0, "excluded_lines": 0, "percent_statements_covered": 100.0, "percent_statements_covered_display": "100"}, "missing_lines": [], "excluded_lines": [], "start_line": 189}, "HtmlRenderer": {"executed_lines": [233, 234, 235, 237], "summary": {"covered_lines": 4, "num_statements": 4, "percent_covered": 100.0, "percent_covered_display": "100", "missing_lines": 0, "excluded_lines": 0, "percent_statements_covered": 100.0, "percent_statements_covered_display": "100"}, "missing_lines": [], "excluded_lines": [], "start_line": 228}, "JsonRenderer": {"executed_lines": [282, 283, 287, 288, 289, 293], "summary": {"covered_lines": 6, "num_statements": 6, "percent_covered": 100.0, "percent_covered_display": "100", "missing_lines": 0, "excluded_lines": 0, "percent_statements_covered": 100.0, "percent_statements_covered_display": "100"}, "missing_lines": [], "excluded_lines": [], "start_line": 277}, "PublicReportGenerator": {"executed_lines": [324, 325, 329, 331, 332, 333, 334, 335, 336, 337, 338, 339, 340, 342, 351, 352, 353, 354, 355, 356, 357, 361, 362, 363, 364, 365, 370, 371, 372, 373, 374, 378, 379, 380, 381, 383, 384, 386, 387, 388, 389, 391, 411, 412, 413, 416, 417, 418, 419, 421, 422, 423, 443, 454, 455, 456, 459, 460, 461, 462, 465, 471, 477, 485, 492, 500, 505, 512, 534, 536, 537, 538, 539, 540, 541, 543, 559, 560, 563, 566, 569, 571, 572, 573, 574, 575, 576, 577, 579], "summary": {"covered_lines": 89, "num_statements": 90, "percent_covered": 98.88888888888889, "percent_covered_display": "99", "missing_lines": 1, "excluded_lines": 0, "percent_statements_covered": 98.88888888888889, "percent_statements_covered_display": "99"}, "missing_lines": [414], "excluded_lines": [], "start_line": 320}, "": {"executed_lines": [41, 43, 44, 45, 46, 47, 48, 49, 50, 52, 54, 57, 60, 61, 62, 63, 64, 65, 69, 70, 77, 78, 81, 82, 89, 90, 93, 94, 103, 104, 105, 106, 109, 110, 118, 119, 120, 123, 124, 136, 137, 138, 139, 142, 143, 158, 159, 160, 161, 162, 163, 164, 168, 176, 177, 189, 192, 228, 231, 277, 280, 285, 291, 320, 323, 327, 349, 350, 359, 360, 376, 402, 425, 522, 545, 582, 609], "summary": {"covered_lines": 77, "num_statements": 87, "percent_covered": 88.50574712643679, "percent_covered_display": "89", "missing_lines": 10, "excluded_lines": 0, "percent_statements_covered": 88.50574712643679, "percent_statements_covered_display": "89"}, "missing_lines": [583, 584, 591, 597, 599, 600, 604, 605, 606, 610], "excluded_lines": [], "start_line": 1}}}, "scripts/investigation_tui.py": {"executed_lines": [2, 4, 5, 6, 7, 8, 9, 11, 12, 15, 16, 17, 19, 20, 21, 23, 39, 45, 50, 55, 61, 70, 71, 72, 73, 74, 75, 76, 80, 81, 82, 85, 86, 87, 90, 91, 92, 93, 94, 96, 97, 98, 99, 103, 104, 105, 108, 109, 110, 111, 112, 113, 114, 115, 116, 119, 144, 150, 151, 153, 154, 155, 156, 157, 158, 159, 161, 162, 163, 170, 174, 175, 176, 177, 179, 182, 184, 187, 188, 189, 192, 193, 194, 196, 199, 200, 201, 203, 204, 206, 213, 221, 226, 227, 228, 231, 233, 234, 235, 236, 237, 238, 239, 241, 242, 247, 252, 253, 254, 256, 263, 264, 265, 266, 271, 272, 273, 275, 281, 291, 297, 298, 305, 307, 308, 309, 310, 311, 313, 314, 315, 316, 319, 320, 321, 323, 332, 335, 336, 337, 341, 342, 343, 347, 348, 349, 350, 351, 353, 354, 355, 356, 357, 358, 359, 360, 361, 364, 365, 366, 369, 370, 371, 372, 375], "summary": {"covered_lines": 165, "num_statements": 197, "percent_covered": 83.75634517766497, "percent_covered_display": "84", "missing_lines": 32, "excluded_lines": 0, "percent_statements_covered": 83.75634517766497, "percent_statements_covered_display": "84"}, "missing_lines": [13, 77, 95, 100, 106, 120, 121, 122, 124, 125, 126, 127, 128, 129, 130, 132, 138, 171, 172, 183, 185, 190, 191, 282, 289, 329, 330, 338, 344, 345, 367, 376], "excluded_lines": [], "functions": {"_prompt_choice": {"executed_lines": [70, 71, 72, 73, 74, 75, 76], "summary": {"covered_lines": 7, "num_statements": 8, "percent_covered": 87.5, "percent_covered_display": "88", "missing_lines": 1, "excluded_lines": 0, "percent_statements_covered": 87.5, "percent_statements_covered_display": "88"}, "missing_lines": [77], "excluded_lines": [], "start_line": 61}, "_prompt_text": {"executed_lines": [81, 82], "summary": {"covered_lines": 2, "num_statements": 2, "percent_covered": 100.0, "percent_covered_display": "100", "missing_lines": 0, "excluded_lines": 0, "percent_statements_covered": 100.0, "percent_statements_covered_display": "100"}, "missing_lines": [], "excluded_lines": [], "start_line": 80}, "_prompt_optional_text": {"executed_lines": [86, 87], "summary": {"covered_lines": 2, "num_statements": 2, "percent_covered": 100.0, "percent_covered_display": "100", "missing_lines": 0, "excluded_lines": 0, "percent_statements_covered": 100.0, "percent_statements_covered_display": "100"}, "missing_lines": [], "excluded_lines": [], "start_line": 85}, "_prompt_yes_no": {"executed_lines": [91, 92, 93, 94, 96, 97, 98, 99], "summary": {"covered_lines": 8, "num_statements": 10, "percent_covered": 80.0, "percent_covered_display": "80", "missing_lines": 2, "excluded_lines": 0, "percent_statements_covered": 80.0, "percent_statements_covered_display": "80"}, "missing_lines": [95, 100], "excluded_lines": [], "start_line": 90}, "_resolve_cadastro_path": {"executed_lines": [104, 105, 108, 109, 110, 111, 112, 113, 114, 115, 116], "summary": {"covered_lines": 11, "num_statements": 12, "percent_covered": 91.66666666666667, "percent_covered_display": "92", "missing_lines": 1, "excluded_lines": 0, "percent_statements_covered": 91.66666666666667, "percent_statements_covered_display": "92"}, "missing_lines": [106], "excluded_lines": [], "start_line": 103}, "_load_fund_catalog": {"executed_lines": [], "summary": {"covered_lines": 0, "num_statements": 12, "percent_covered": 0.0, "percent_covered_display": "0", "missing_lines": 12, "excluded_lines": 0, "percent_statements_covered": 0.0, "percent_statements_covered_display": "0"}, "missing_lines": [120, 121, 122, 124, 125, 126, 127, 128, 129, 130, 132, 138], "excluded_lines": [], "start_line": 119}, "_prompt_fund_selection": {"executed_lines": [150, 151, 153, 154, 155, 156, 157, 158, 159, 161, 162, 163, 170, 174, 175, 176, 177, 179, 182, 184, 187, 188, 189, 192, 193, 194, 196], "summary": {"covered_lines": 27, "num_statements": 33, "percent_covered": 81.81818181818181, "percent_covered_display": "82", "missing_lines": 6, "excluded_lines": 0, "percent_statements_covered": 81.81818181818181, "percent_statements_covered_display": "82"}, "missing_lines": [171, 172, 183, 185, 190, 191], "excluded_lines": [], "start_line": 144}, "build_tui_args": {"executed_lines": [200, 201, 203, 204, 206, 213, 221, 226, 227, 228, 231, 233, 234, 235, 236, 237, 238, 239, 241, 242, 247, 252, 253, 254, 256, 263, 264, 265, 266, 271, 272, 273, 275, 281, 291, 297, 298, 305, 307, 308, 309, 310, 311, 313, 314, 315, 316, 319, 320, 321, 323, 332], "summary": {"covered_lines": 52, "num_statements": 56, "percent_covered": 92.85714285714286, "percent_covered_display": "93", "missing_lines": 4, "excluded_lines": 0, "percent_statements_covered": 92.85714285714286, "percent_statements_covered_display": "93"}, "missing_lines": [282, 289, 329, 330], "excluded_lines": [], "start_line": 199}, "_resolve_output_dir": {"executed_lines": [336, 337], "summary": {"covered_lines": 2, "num_statements": 3, "percent_covered": 66.66666666666667, "percent_covered_display": "67", "missing_lines": 1, "excluded_lines": 0, "percent_statements_covered": 66.66666666666667, "percent_statements_covered_display": "67"}, "missing_lines": [338], "excluded_lines": [], "start_line": 335}, "_print_result_summary": {"executed_lines": [342, 343, 347, 348, 349, 350, 351, 353, 354, 355, 356, 357, 358, 359, 360, 361], "summary": {"covered_lines": 16, "num_statements": 18, "percent_covered": 88.88888888888889, "percent_covered_display": "89", "missing_lines": 2, "excluded_lines": 0, "percent_statements_covered": 88.88888888888889, "percent_statements_covered_display": "89"}, "missing_lines": [344, 345], "excluded_lines": [], "start_line": 341}, "main": {"executed_lines": [365, 366, 369, 370, 371, 372], "summary": {"covered_lines": 6, "num_statements": 7, "percent_covered": 85.71428571428571, "percent_covered_display": "86", "missing_lines": 1, "excluded_lines": 0, "percent_statements_covered": 85.71428571428571, "percent_statements_covered_display": "86"}, "missing_lines": [367], "excluded_lines": [], "start_line": 364}, "": {"executed_lines": [2, 4, 5, 6, 7, 8, 9, 11, 12, 15, 16, 17, 19, 20, 21, 23, 39, 45, 50, 55, 61, 80, 85, 90, 103, 119, 144, 199, 335, 341, 364, 375], "summary": {"covered_lines": 32, "num_statements": 34, "percent_covered": 94.11764705882354, "percent_covered_display": "94", "missing_lines": 2, "excluded_lines": 0, "percent_statements_covered": 94.11764705882354, "percent_statements_covered_display": "94"}, "missing_lines": [13, 376], "excluded_lines": [], "start_line": 1}}, "classes": {"": {"executed_lines": [2, 4, 5, 6, 7, 8, 9, 11, 12, 15, 16, 17, 19, 20, 21, 23, 39, 45, 50, 55, 61, 70, 71, 72, 73, 74, 75, 76, 80, 81, 82, 85, 86, 87, 90, 91, 92, 93, 94, 96, 97, 98, 99, 103, 104, 105, 108, 109, 110, 111, 112, 113, 114, 115, 116, 119, 144, 150, 151, 153, 154, 155, 156, 157, 158, 159, 161, 162, 163, 170, 174, 175, 176, 177, 179, 182, 184, 187, 188, 189, 192, 193, 194, 196, 199, 200, 201, 203, 204, 206, 213, 221, 226, 227, 228, 231, 233, 234, 235, 236, 237, 238, 239, 241, 242, 247, 252, 253, 254, 256, 263, 264, 265, 266, 271, 272, 273, 275, 281, 291, 297, 298, 305, 307, 308, 309, 310, 311, 313, 314, 315, 316, 319, 320, 321, 323, 332, 335, 336, 337, 341, 342, 343, 347, 348, 349, 350, 351, 353, 354, 355, 356, 357, 358, 359, 360, 361, 364, 365, 366, 369, 370, 371, 372, 375], "summary": {"covered_lines": 165, "num_statements": 197, "percent_covered": 83.75634517766497, "percent_covered_display": "84", "missing_lines": 32, "excluded_lines": 0, "percent_statements_covered": 83.75634517766497, "percent_statements_covered_display": "84"}, "missing_lines": [13, 77, 95, 100, 106, 120, 121, 122, 124, 125, 126, 127, 128, 129, 130, 132, 138, 171, 172, 183, 185, 190, 191, 282, 289, 329, 330, 338, 344, 345, 367, 376], "excluded_lines": [], "start_line": 1}}}, "scripts/playwright_workflow.py": {"executed_lines": [], "summary": {"covered_lines": 0, "num_statements": 92, "percent_covered": 0.0, "percent_covered_display": "0", "missing_lines": 92, "excluded_lines": 0, "percent_statements_covered": 0.0, "percent_statements_covered_display": "0"}, "missing_lines": [7, 9, 10, 11, 12, 13, 14, 16, 17, 19, 22, 23, 24, 25, 26, 27, 28, 29, 30, 31, 32, 33, 34, 37, 38, 44, 45, 46, 47, 49, 50, 52, 53, 55, 70, 71, 72, 73, 74, 75, 76, 77, 78, 79, 80, 81, 82, 83, 86, 87, 88, 89, 90, 91, 94, 95, 96, 97, 98, 99, 102, 103, 104, 105, 106, 108, 110, 111, 112, 113, 115, 116, 117, 119, 120, 121, 122, 124, 125, 126, 127, 128, 129, 130, 132, 133, 136, 137, 138, 139, 142, 143], "excluded_lines": [], "functions": {"configure_logging": {"executed_lines": [], "summary": {"covered_lines": 0, "num_statements": 1, "percent_covered": 0.0, "percent_covered_display": "0", "missing_lines": 1, "excluded_lines": 0, "percent_statements_covered": 0.0, "percent_statements_covered_display": "0"}, "missing_lines": [38], "excluded_lines": [], "start_line": 37}, "load_config": {"executed_lines": [], "summary": {"covered_lines": 0, "num_statements": 8, "percent_covered": 0.0, "percent_covered_display": "0", "missing_lines": 8, "excluded_lines": 0, "percent_statements_covered": 0.0, "percent_statements_covered_display": "0"}, "missing_lines": [45, 46, 47, 49, 50, 52, 53, 55], "excluded_lines": [], "start_line": 44}, "retry": {"executed_lines": [], "summary": {"covered_lines": 0, "num_statements": 13, "percent_covered": 0.0, "percent_covered_display": "0", "missing_lines": 13, "excluded_lines": 0, "percent_statements_covered": 0.0, "percent_statements_covered_display": "0"}, "missing_lines": [71, 72, 73, 74, 75, 76, 77, 78, 79, 80, 81, 82, 83], "excluded_lines": [], "start_line": 70}, "maybe_fill": {"executed_lines": [], "summary": {"covered_lines": 0, "num_statements": 5, "percent_covered": 0.0, "percent_covered_display": "0", "missing_lines": 5, "excluded_lines": 0, "percent_statements_covered": 0.0, "percent_statements_covered_display": "0"}, "missing_lines": [87, 88, 89, 90, 91], "excluded_lines": [], "start_line": 86}, "maybe_click": {"executed_lines": [], "summary": {"covered_lines": 0, "num_statements": 5, "percent_covered": 0.0, "percent_covered_display": "0", "missing_lines": 5, "excluded_lines": 0, "percent_statements_covered": 0.0, "percent_statements_covered_display": "0"}, "missing_lines": [95, 96, 97, 98, 99], "excluded_lines": [], "start_line": 94}, "run_workflow": {"executed_lines": [], "summary": {"covered_lines": 0, "num_statements": 25, "percent_covered": 0.0, "percent_covered_display": "0", "missing_lines": 25, "excluded_lines": 0, "percent_statements_covered": 0.0, "percent_statements_covered_display": "0"}, "missing_lines": [103, 104, 105, 106, 108, 110, 111, 112, 113, 115, 116, 117, 119, 120, 121, 122, 124, 125, 126, 127, 128, 129, 130, 132, 133], "excluded_lines": [], "start_line": 102}, "main": {"executed_lines": [], "summary": {"covered_lines": 0, "num_statements": 3, "percent_covered": 0.0, "percent_covered_display": "0", "missing_lines": 3, "excluded_lines": 0, "percent_statements_covered": 0.0, "percent_statements_covered_display": "0"}, "missing_lines": [137, 138, 139], "excluded_lines": [], "start_line": 136}, "": {"executed_lines": [], "summary": {"covered_lines": 0, "num_statements": 32, "percent_covered": 0.0, "percent_covered_display": "0", "missing_lines": 32, "excluded_lines": 0, "percent_statements_covered": 0.0, "percent_statements_covered_display": "0"}, "missing_lines": [7, 9, 10, 11, 12, 13, 14, 16, 17, 19, 22, 23, 24, 25, 26, 27, 28, 29, 30, 31, 32, 33, 34, 37, 44, 70, 86, 94, 102, 136, 142, 143], "excluded_lines": [], "start_line": 1}}, "classes": {"WorkflowConfig": {"executed_lines": [], "summary": {"covered_lines": 0, "num_statements": 0, "percent_covered": 100.0, "percent_covered_display": "100", "missing_lines": 0, "excluded_lines": 0, "percent_statements_covered": 100.0, "percent_statements_covered_display": "100"}, "missing_lines": [], "excluded_lines": [], "start_line": 23}, "": {"executed_lines": [], "summary": {"covered_lines": 0, "num_statements": 92, "percent_covered": 0.0, "percent_covered_display": "0", "missing_lines": 92, "excluded_lines": 0, "percent_statements_covered": 0.0, "percent_statements_covered_display": "0"}, "missing_lines": [7, 9, 10, 11, 12, 13, 14, 16, 17, 19, 22, 23, 24, 25, 26, 27, 28, 29, 30, 31, 32, 33, 34, 37, 38, 44, 45, 46, 47, 49, 50, 52, 53, 55, 70, 71, 72, 73, 74, 75, 76, 77, 78, 79, 80, 81, 82, 83, 86, 87, 88, 89, 90, 91, 94, 95, 96, 97, 98, 99, 102, 103, 104, 105, 106, 108, 110, 111, 112, 113, 115, 116, 117, 119, 120, 121, 122, 124, 125, 126, 127, 128, 129, 130, 132, 133, 136, 137, 138, 139, 142, 143], "excluded_lines": [], "start_line": 1}}}, "scripts/run_investigation.py": {"executed_lines": [2, 4, 5, 6, 7, 8, 9, 10, 12, 14, 15, 16, 17, 18, 19, 20, 21, 22, 23, 24, 25, 26, 27, 28, 29, 30, 32, 35, 52, 53, 54, 57, 58, 60, 61, 62, 63, 64, 67, 82, 83, 84, 85, 86, 89, 90, 91, 93, 94, 95, 97, 98, 100, 101, 103, 104, 107, 108, 109, 111, 112, 113, 114, 115, 118, 121, 151, 172, 187, 203, 220, 235, 254, 269, 284, 300, 308, 309, 339, 340, 341, 342, 344, 345, 347, 348, 349, 351, 352, 353, 354, 360, 368, 369, 370, 371, 373, 376, 380, 381, 382, 383, 384, 387, 393, 394, 395, 396, 398, 399, 401, 402, 405, 406, 416, 417, 419, 420, 423, 424, 425, 426, 427, 428, 429, 432, 433, 436, 437, 438, 439, 440, 441, 443, 446, 447, 454, 455, 456, 459, 460, 466, 469, 470, 472, 473, 474, 475, 476, 477, 478, 481, 488, 514, 515, 516, 518, 520, 521, 522, 527, 535, 536, 554, 557, 614, 688, 703, 709], "summary": {"covered_lines": 169, "num_statements": 408, "percent_covered": 41.42156862745098, "percent_covered_display": "41", "missing_lines": 239, "excluded_lines": 0, "percent_statements_covered": 41.42156862745098, "percent_statements_covered_display": "41"}, "missing_lines": [59, 119, 130, 132, 133, 140, 146, 147, 148, 149, 152, 153, 155, 156, 157, 158, 159, 160, 161, 162, 163, 165, 166, 167, 178, 179, 180, 181, 182, 183, 184, 193, 194, 195, 196, 197, 198, 199, 200, 210, 211, 212, 213, 214, 215, 216, 217, 226, 227, 228, 229, 230, 231, 232, 241, 242, 243, 248, 249, 250, 251, 260, 261, 262, 263, 264, 265, 266, 275, 276, 277, 278, 279, 280, 281, 291, 292, 293, 294, 295, 296, 297, 298, 311, 312, 313, 323, 324, 336, 377, 389, 390, 403, 408, 409, 410, 412, 413, 414, 421, 434, 448, 449, 450, 451, 452, 461, 462, 463, 464, 465, 471, 482, 483, 484, 485, 489, 490, 491, 492, 493, 494, 495, 496, 497, 498, 501, 502, 503, 504, 505, 506, 509, 510, 511, 517, 523, 524, 567, 569, 571, 572, 573, 575, 576, 578, 579, 580, 582, 583, 584, 585, 586, 587, 588, 589, 590, 593, 594, 595, 596, 597, 598, 599, 601, 602, 607, 609, 611, 615, 616, 617, 618, 619, 621, 622, 623, 624, 625, 626, 627, 628, 629, 630, 631, 633, 634, 635, 636, 637, 638, 646, 647, 648, 649, 650, 651, 652, 653, 656, 657, 658, 659, 660, 661, 662, 663, 664, 665, 667, 668, 669, 670, 671, 672, 674, 675, 676, 677, 679, 680, 681, 682, 685, 689, 690, 691, 692, 693, 694, 695, 696, 697, 698, 699, 700, 704, 706, 710], "excluded_lines": [], "functions": {"sanitize_run_id": {"executed_lines": [52, 53, 54], "summary": {"covered_lines": 3, "num_statements": 3, "percent_covered": 100.0, "percent_covered_display": "100", "missing_lines": 0, "excluded_lines": 0, "percent_statements_covered": 100.0, "percent_statements_covered_display": "100"}, "missing_lines": [], "excluded_lines": [], "start_line": 35}, "_normalize_selected_cnpjs": {"executed_lines": [58, 60, 61, 62, 63, 64], "summary": {"covered_lines": 6, "num_statements": 7, "percent_covered": 85.71428571428571, "percent_covered_display": "86", "missing_lines": 1, "excluded_lines": 0, "percent_statements_covered": 85.71428571428571, "percent_statements_covered_display": "86"}, "missing_lines": [59], "excluded_lines": [], "start_line": 57}, "run_investigation": {"executed_lines": [90, 91, 93, 94, 95, 97, 98, 100, 101, 103, 104, 107, 108, 109, 111, 112, 113, 114, 115, 118, 121, 151, 172, 187, 203, 220, 235, 254, 269, 284, 300, 308, 309], "summary": {"covered_lines": 33, "num_statements": 121, "percent_covered": 27.272727272727273, "percent_covered_display": "27", "missing_lines": 88, "excluded_lines": 0, "percent_statements_covered": 27.272727272727273, "percent_statements_covered_display": "27"}, "missing_lines": [119, 130, 132, 133, 140, 146, 147, 148, 149, 152, 153, 155, 156, 157, 158, 159, 160, 161, 162, 163, 165, 166, 167, 178, 179, 180, 181, 182, 183, 184, 193, 194, 195, 196, 197, 198, 199, 200, 210, 211, 212, 213, 214, 215, 216, 217, 226, 227, 228, 229, 230, 231, 232, 241, 242, 243, 248, 249, 250, 251, 260, 261, 262, 263, 264, 265, 266, 275, 276, 277, 278, 279, 280, 281, 291, 292, 293, 294, 295, 296, 297, 298, 311, 312, 313, 323, 324, 336], "excluded_lines": [], "start_line": 89}, "build_parser": {"executed_lines": [340, 341, 342, 344, 345, 347, 348, 349, 351, 352, 353, 354, 360, 368, 369, 370, 371, 373], "summary": {"covered_lines": 18, "num_statements": 18, "percent_covered": 100.0, "percent_covered_display": "100", "missing_lines": 0, "excluded_lines": 0, "percent_statements_covered": 100.0, "percent_statements_covered_display": "100"}, "missing_lines": [], "excluded_lines": [], "start_line": 339}, "_parse_args": {"executed_lines": [], "summary": {"covered_lines": 0, "num_statements": 1, "percent_covered": 0.0, "percent_covered_display": "0", "missing_lines": 1, "excluded_lines": 0, "percent_statements_covered": 0.0, "percent_statements_covered_display": "0"}, "missing_lines": [377], "excluded_lines": [], "start_line": 376}, "_selected_analyses": {"executed_lines": [381, 382, 383, 384], "summary": {"covered_lines": 4, "num_statements": 4, "percent_covered": 100.0, "percent_covered_display": "100", "missing_lines": 0, "excluded_lines": 0, "percent_statements_covered": 100.0, "percent_statements_covered_display": "100"}, "missing_lines": [], "excluded_lines": [], "start_line": 380}, "main": {"executed_lines": [], "summary": {"covered_lines": 0, "num_statements": 2, "percent_covered": 0.0, "percent_covered_display": "0", "missing_lines": 2, "excluded_lines": 0, "percent_statements_covered": 0.0, "percent_statements_covered_display": "0"}, "missing_lines": [389, 390], "excluded_lines": [], "start_line": 387}, "_load_data": {"executed_lines": [394, 395, 396, 398, 399, 401, 402, 405, 406, 416, 417, 419, 420, 423, 424, 425, 426, 427, 428, 429, 432, 433, 436, 437, 438, 439, 440, 441, 443], "summary": {"covered_lines": 29, "num_statements": 38, "percent_covered": 76.3157894736842, "percent_covered_display": "76", "missing_lines": 9, "excluded_lines": 0, "percent_statements_covered": 76.3157894736842, "percent_statements_covered_display": "76"}, "missing_lines": [403, 408, 409, 410, 412, 413, 414, 421, 434], "excluded_lines": [], "start_line": 393}, "_read_informe_any": {"executed_lines": [447, 454, 455, 456], "summary": {"covered_lines": 4, "num_statements": 9, "percent_covered": 44.44444444444444, "percent_covered_display": "44", "missing_lines": 5, "excluded_lines": 0, "percent_statements_covered": 44.44444444444444, "percent_statements_covered_display": "44"}, "missing_lines": [448, 449, 450, 451, 452], "excluded_lines": [], "start_line": 446}, "_read_cda_any": {"executed_lines": [460, 466], "summary": {"covered_lines": 2, "num_statements": 7, "percent_covered": 28.571428571428573, "percent_covered_display": "29", "missing_lines": 5, "excluded_lines": 0, "percent_statements_covered": 28.571428571428573, "percent_statements_covered_display": "29"}, "missing_lines": [461, 462, 463, 464, 465], "excluded_lines": [], "start_line": 459}, "_find_first": {"executed_lines": [470, 472, 473, 474, 475, 476, 477, 478], "summary": {"covered_lines": 8, "num_statements": 9, "percent_covered": 88.88888888888889, "percent_covered_display": "89", "missing_lines": 1, "excluded_lines": 0, "percent_statements_covered": 88.88888888888889, "percent_statements_covered_display": "89"}, "missing_lines": [471], "excluded_lines": [], "start_line": 469}, "_normalize_cda_columns": {"executed_lines": [], "summary": {"covered_lines": 0, "num_statements": 4, "percent_covered": 0.0, "percent_covered_display": "0", "missing_lines": 4, "excluded_lines": 0, "percent_statements_covered": 0.0, "percent_statements_covered_display": "0"}, "missing_lines": [482, 483, 484, 485], "excluded_lines": [], "start_line": 481}, "_phantom_assets_by_fund": {"executed_lines": [], "summary": {"covered_lines": 0, "num_statements": 19, "percent_covered": 0.0, "percent_covered_display": "0", "missing_lines": 19, "excluded_lines": 0, "percent_statements_covered": 0.0, "percent_statements_covered_display": "0"}, "missing_lines": [489, 490, 491, 492, 493, 494, 495, 496, 497, 498, 501, 502, 503, 504, 505, 506, 509, 510, 511], "excluded_lines": [], "start_line": 488}, "_save_finding": {"executed_lines": [515, 516, 518, 520, 521, 522], "summary": {"covered_lines": 6, "num_statements": 9, "percent_covered": 66.66666666666667, "percent_covered_display": "67", "missing_lines": 3, "excluded_lines": 0, "percent_statements_covered": 66.66666666666667, "percent_statements_covered_display": "67"}, "missing_lines": [517, 523, 524], "excluded_lines": [], "start_line": 514}, "_write_run_metadata": {"executed_lines": [535, 536, 554], "summary": {"covered_lines": 3, "num_statements": 3, "percent_covered": 100.0, "percent_covered_display": "100", "missing_lines": 0, "excluded_lines": 0, "percent_statements_covered": 100.0, "percent_statements_covered_display": "100"}, "missing_lines": [], "excluded_lines": [], "start_line": 527}, "_run_context_enrichment": {"executed_lines": [], "summary": {"covered_lines": 0, "num_statements": 31, "percent_covered": 0.0, "percent_covered_display": "0", "missing_lines": 31, "excluded_lines": 0, "percent_statements_covered": 0.0, "percent_statements_covered_display": "0"}, "missing_lines": [567, 569, 571, 572, 573, 575, 576, 578, 579, 580, 582, 583, 584, 585, 586, 587, 588, 589, 590, 593, 594, 595, 596, 597, 598, 599, 601, 602, 607, 609, 611], "excluded_lines": [], "start_line": 557}, "_collect_flagged_entities": {"executed_lines": [], "summary": {"covered_lines": 0, "num_statements": 46, "percent_covered": 0.0, "percent_covered_display": "0", "missing_lines": 46, "excluded_lines": 0, "percent_statements_covered": 0.0, "percent_statements_covered_display": "0"}, "missing_lines": [615, 621, 622, 623, 624, 625, 626, 627, 628, 629, 630, 631, 633, 646, 647, 648, 649, 650, 651, 652, 653, 656, 657, 658, 659, 660, 661, 662, 663, 664, 665, 667, 668, 669, 670, 671, 672, 674, 675, 676, 677, 679, 680, 681, 682, 685], "excluded_lines": [], "start_line": 614}, "_collect_flagged_entities.normalize_digits": {"executed_lines": [], "summary": {"covered_lines": 0, "num_statements": 4, "percent_covered": 0.0, "percent_covered_display": "0", "missing_lines": 4, "excluded_lines": 0, "percent_statements_covered": 0.0, "percent_statements_covered_display": "0"}, "missing_lines": [616, 617, 618, 619], "excluded_lines": [], "start_line": 615}, "_collect_flagged_entities.add": {"executed_lines": [], "summary": {"covered_lines": 0, "num_statements": 5, "percent_covered": 0.0, "percent_covered_display": "0", "missing_lines": 5, "excluded_lines": 0, "percent_statements_covered": 0.0, "percent_statements_covered_display": "0"}, "missing_lines": [634, 635, 636, 637, 638], "excluded_lines": [], "start_line": 633}, "_build_queries": {"executed_lines": [], "summary": {"covered_lines": 0, "num_statements": 12, "percent_covered": 0.0, "percent_covered_display": "0", "missing_lines": 12, "excluded_lines": 0, "percent_statements_covered": 0.0, "percent_statements_covered_display": "0"}, "missing_lines": [689, 690, 691, 692, 693, 694, 695, 696, 697, 698, 699, 700], "excluded_lines": [], "start_line": 688}, "_stable_hash": {"executed_lines": [], "summary": {"covered_lines": 0, "num_statements": 2, "percent_covered": 0.0, "percent_covered_display": "0", "missing_lines": 2, "excluded_lines": 0, "percent_statements_covered": 0.0, "percent_statements_covered_display": "0"}, "missing_lines": [704, 706], "excluded_lines": [], "start_line": 703}, "": {"executed_lines": [2, 4, 5, 6, 7, 8, 9, 10, 12, 14, 15, 16, 17, 18, 19, 20, 21, 22, 23, 24, 25, 26, 27, 28, 29, 30, 32, 35, 57, 67, 82, 83, 84, 85, 86, 89, 339, 376, 380, 387, 393, 446, 459, 469, 481, 488, 514, 527, 557, 614, 688, 703, 709], "summary": {"covered_lines": 53, "num_statements": 54, "percent_covered": 98.14814814814815, "percent_covered_display": "98", "missing_lines": 1, "excluded_lines": 0, "percent_statements_covered": 98.14814814814815, "percent_statements_covered_display": "98"}, "missing_lines": [710], "excluded_lines": [], "start_line": 1}}, "classes": {"LoadedData": {"executed_lines": [], "summary": {"covered_lines": 0, "num_statements": 0, "percent_covered": 100.0, "percent_covered_display": "100", "missing_lines": 0, "excluded_lines": 0, "percent_statements_covered": 100.0, "percent_statements_covered_display": "100"}, "missing_lines": [], "excluded_lines": [], "start_line": 83}, "": {"executed_lines": [2, 4, 5, 6, 7, 8, 9, 10, 12, 14, 15, 16, 17, 18, 19, 20, 21, 22, 23, 24, 25, 26, 27, 28, 29, 30, 32, 35, 52, 53, 54, 57, 58, 60, 61, 62, 63, 64, 67, 82, 83, 84, 85, 86, 89, 90, 91, 93, 94, 95, 97, 98, 100, 101, 103, 104, 107, 108, 109, 111, 112, 113, 114, 115, 118, 121, 151, 172, 187, 203, 220, 235, 254, 269, 284, 300, 308, 309, 339, 340, 341, 342, 344, 345, 347, 348, 349, 351, 352, 353, 354, 360, 368, 369, 370, 371, 373, 376, 380, 381, 382, 383, 384, 387, 393, 394, 395, 396, 398, 399, 401, 402, 405, 406, 416, 417, 419, 420, 423, 424, 425, 426, 427, 428, 429, 432, 433, 436, 437, 438, 439, 440, 441, 443, 446, 447, 454, 455, 456, 459, 460, 466, 469, 470, 472, 473, 474, 475, 476, 477, 478, 481, 488, 514, 515, 516, 518, 520, 521, 522, 527, 535, 536, 554, 557, 614, 688, 703, 709], "summary": {"covered_lines": 169, "num_statements": 408, "percent_covered": 41.42156862745098, "percent_covered_display": "41", "missing_lines": 239, "excluded_lines": 0, "percent_statements_covered": 41.42156862745098, "percent_statements_covered_display": "41"}, "missing_lines": [59, 119, 130, 132, 133, 140, 146, 147, 148, 149, 152, 153, 155, 156, 157, 158, 159, 160, 161, 162, 163, 165, 166, 167, 178, 179, 180, 181, 182, 183, 184, 193, 194, 195, 196, 197, 198, 199, 200, 210, 211, 212, 213, 214, 215, 216, 217, 226, 227, 228, 229, 230, 231, 232, 241, 242, 243, 248, 249, 250, 251, 260, 261, 262, 263, 264, 265, 266, 275, 276, 277, 278, 279, 280, 281, 291, 292, 293, 294, 295, 296, 297, 298, 311, 312, 313, 323, 324, 336, 377, 389, 390, 403, 408, 409, 410, 412, 413, 414, 421, 434, 448, 449, 450, 451, 452, 461, 462, 463, 464, 465, 471, 482, 483, 484, 485, 489, 490, 491, 492, 493, 494, 495, 496, 497, 498, 501, 502, 503, 504, 505, 506, 509, 510, 511, 517, 523, 524, 567, 569, 571, 572, 573, 575, 576, 578, 579, 580, 582, 583, 584, 585, 586, 587, 588, 589, 590, 593, 594, 595, 596, 597, 598, 599, 601, 602, 607, 609, 611, 615, 616, 617, 618, 619, 621, 622, 623, 624, 625, 626, 627, 628, 629, 630, 631, 633, 634, 635, 636, 637, 638, 646, 647, 648, 649, 650, 651, 652, 653, 656, 657, 658, 659, 660, 661, 662, 663, 664, 665, 667, 668, 669, 670, 671, 672, 674, 675, 676, 677, 679, 680, 681, 682, 685, 689, 690, 691, 692, 693, 694, 695, 696, 697, 698, 699, 700, 704, 706, 710], "excluded_lines": [], "start_line": 1}}}, "scripts/validate_data_collection.py": {"executed_lines": [], "summary": {"covered_lines": 0, "num_statements": 101, "percent_covered": 0.0, "percent_covered_display": "0", "missing_lines": 101, "excluded_lines": 0, "percent_statements_covered": 0.0, "percent_statements_covered_display": "0"}, "missing_lines": [12, 13, 16, 18, 19, 22, 23, 24, 25, 27, 28, 31, 32, 33, 34, 35, 37, 38, 39, 40, 43, 44, 45, 46, 47, 48, 49, 50, 53, 54, 55, 56, 58, 59, 60, 63, 64, 65, 66, 67, 68, 69, 72, 73, 74, 75, 77, 78, 79, 82, 83, 84, 85, 86, 87, 88, 91, 92, 93, 94, 96, 97, 98, 101, 102, 103, 105, 106, 107, 108, 109, 111, 112, 113, 114, 115, 116, 117, 120, 121, 122, 125, 126, 127, 128, 129, 130, 132, 134, 135, 136, 137, 138, 139, 140, 142, 143, 144, 145, 148, 149], "excluded_lines": [], "functions": {"main": {"executed_lines": [], "summary": {"covered_lines": 0, "num_statements": 93, "percent_covered": 0.0, "percent_covered_display": "0", "missing_lines": 93, "excluded_lines": 0, "percent_statements_covered": 0.0, "percent_statements_covered_display": "0"}, "missing_lines": [23, 24, 25, 27, 28, 31, 32, 33, 34, 35, 37, 38, 39, 40, 43, 44, 45, 46, 47, 48, 49, 50, 53, 54, 55, 56, 58, 59, 60, 63, 64, 65, 66, 67, 68, 69, 72, 73, 74, 75, 77, 78, 79, 82, 83, 84, 85, 86, 87, 88, 91, 92, 93, 94, 96, 97, 98, 101, 102, 103, 105, 106, 107, 108, 109, 111, 112, 113, 114, 115, 116, 117, 120, 121, 122, 125, 126, 127, 128, 129, 130, 132, 134, 135, 136, 137, 138, 139, 140, 142, 143, 144, 145], "excluded_lines": [], "start_line": 22}, "": {"executed_lines": [], "summary": {"covered_lines": 0, "num_statements": 8, "percent_covered": 0.0, "percent_covered_display": "0", "missing_lines": 8, "excluded_lines": 0, "percent_statements_covered": 0.0, "percent_statements_covered_display": "0"}, "missing_lines": [12, 13, 16, 18, 19, 22, 148, 149], "excluded_lines": [], "start_line": 1}}, "classes": {"": {"executed_lines": [], "summary": {"covered_lines": 0, "num_statements": 101, "percent_covered": 0.0, "percent_covered_display": "0", "missing_lines": 101, "excluded_lines": 0, "percent_statements_covered": 0.0, "percent_statements_covered_display": "0"}, "missing_lines": [12, 13, 16, 18, 19, 22, 23, 24, 25, 27, 28, 31, 32, 33, 34, 35, 37, 38, 39, 40, 43, 44, 45, 46, 47, 48, 49, 50, 53, 54, 55, 56, 58, 59, 60, 63, 64, 65, 66, 67, 68, 69, 72, 73, 74, 75, 77, 78, 79, 82, 83, 84, 85, 86, 87, 88, 91, 92, 93, 94, 96, 97, 98, 101, 102, 103, 105, 106, 107, 108, 109, 111, 112, 113, 114, 115, 116, 117, 120, 121, 122, 125, 126, 127, 128, 129, 130, 132, 134, 135, 136, 137, 138, 139, 140, 142, 143, 144, 145, 148, 149], "excluded_lines": [], "start_line": 1}}}, "scripts/verify_notebook_fix.py": {"executed_lines": [], "summary": {"covered_lines": 0, "num_statements": 70, "percent_covered": 0.0, "percent_covered_display": "0", "missing_lines": 70, "excluded_lines": 0, "percent_statements_covered": 0.0, "percent_statements_covered_display": "0"}, "missing_lines": [4, 5, 6, 8, 10, 12, 13, 14, 17, 18, 19, 20, 21, 23, 24, 25, 26, 27, 29, 30, 31, 34, 35, 36, 37, 38, 40, 41, 42, 43, 44, 45, 46, 48, 49, 50, 53, 54, 55, 56, 57, 59, 60, 61, 62, 63, 64, 65, 67, 68, 69, 71, 74, 75, 76, 78, 79, 80, 81, 82, 83, 84, 85, 86, 87, 88, 89, 90, 91, 93], "excluded_lines": [], "functions": {"": {"executed_lines": [], "summary": {"covered_lines": 0, "num_statements": 70, "percent_covered": 0.0, "percent_covered_display": "0", "missing_lines": 70, "excluded_lines": 0, "percent_statements_covered": 0.0, "percent_statements_covered_display": "0"}, "missing_lines": [4, 5, 6, 8, 10, 12, 13, 14, 17, 18, 19, 20, 21, 23, 24, 25, 26, 27, 29, 30, 31, 34, 35, 36, 37, 38, 40, 41, 42, 43, 44, 45, 46, 48, 49, 50, 53, 54, 55, 56, 57, 59, 60, 61, 62, 63, 64, 65, 67, 68, 69, 71, 74, 75, 76, 78, 79, 80, 81, 82, 83, 84, 85, 86, 87, 88, 89, 90, 91, 93], "excluded_lines": [], "start_line": 1}}, "classes": {"": {"executed_lines": [], "summary": {"covered_lines": 0, "num_statements": 70, "percent_covered": 0.0, "percent_covered_display": "0", "missing_lines": 70, "excluded_lines": 0, "percent_statements_covered": 0.0, "percent_statements_covered_display": "0"}, "missing_lines": [4, 5, 6, 8, 10, 12, 13, 14, 17, 18, 19, 20, 21, 23, 24, 25, 26, 27, 29, 30, 31, 34, 35, 36, 37, 38, 40, 41, 42, 43, 44, 45, 46, 48, 49, 50, 53, 54, 55, 56, 57, 59, 60, 61, 62, 63, 64, 65, 67, 68, 69, 71, 74, 75, 76, 78, 79, 80, 81, 82, 83, 84, 85, 86, 87, 88, 89, 90, 91, 93], "excluded_lines": [], "start_line": 1}}}, "src/__init__.py": {"executed_lines": [], "summary": {"covered_lines": 0, "num_statements": 0, "percent_covered": 100.0, "percent_covered_display": "100", "missing_lines": 0, "excluded_lines": 0, "percent_statements_covered": 100.0, "percent_statements_covered_display": "100"}, "missing_lines": [], "excluded_lines": [], "functions": {"": {"executed_lines": [], "summary": {"covered_lines": 0, "num_statements": 0, "percent_covered": 100.0, "percent_covered_display": "100", "missing_lines": 0, "excluded_lines": 0, "percent_statements_covered": 100.0, "percent_statements_covered_display": "100"}, "missing_lines": [], "excluded_lines": [], "start_line": 1}}, "classes": {"": {"executed_lines": [], "summary": {"covered_lines": 0, "num_statements": 0, "percent_covered": 100.0, "percent_covered_display": "100", "missing_lines": 0, "excluded_lines": 0, "percent_statements_covered": 100.0, "percent_statements_covered_display": "100"}, "missing_lines": [], "excluded_lines": [], "start_line": 1}}}, "src/analyzers/__init__.py": {"executed_lines": [7, 8, 9, 10, 11, 12, 13, 14, 15, 16, 17, 18, 19, 20, 21, 23], "summary": {"covered_lines": 16, "num_statements": 16, "percent_covered": 100.0, "percent_covered_display": "100", "missing_lines": 0, "excluded_lines": 0, "percent_statements_covered": 100.0, "percent_statements_covered_display": "100"}, "missing_lines": [], "excluded_lines": [], "functions": {"": {"executed_lines": [7, 8, 9, 10, 11, 12, 13, 14, 15, 16, 17, 18, 19, 20, 21, 23], "summary": {"covered_lines": 16, "num_statements": 16, "percent_covered": 100.0, "percent_covered_display": "100", "missing_lines": 0, "excluded_lines": 0, "percent_statements_covered": 100.0, "percent_statements_covered_display": "100"}, "missing_lines": [], "excluded_lines": [], "start_line": 1}}, "classes": {"": {"executed_lines": [7, 8, 9, 10, 11, 12, 13, 14, 15, 16, 17, 18, 19, 20, 21, 23], "summary": {"covered_lines": 16, "num_statements": 16, "percent_covered": 100.0, "percent_covered_display": "100", "missing_lines": 0, "excluded_lines": 0, "percent_statements_covered": 100.0, "percent_statements_covered_display": "100"}, "missing_lines": [], "excluded_lines": [], "start_line": 1}}}, "src/analyzers/anomaly_detector.py": {"executed_lines": [1, 3, 4, 5, 6, 7, 12, 13, 15, 18, 21, 22, 23, 25, 41, 49, 50, 51, 53, 56, 57, 61, 64, 67, 69, 71, 79, 80, 82, 83, 86, 89, 91, 93, 95, 103, 106, 107, 110, 113, 116, 119, 121, 123, 130, 133, 136, 137, 140, 141, 144, 146, 148, 155, 156, 157, 159, 160, 163, 166, 169, 174, 177, 179, 181, 188, 191, 197, 200, 203, 206, 207, 209], "summary": {"covered_lines": 73, "num_statements": 76, "percent_covered": 96.05263157894737, "percent_covered_display": "96", "missing_lines": 3, "excluded_lines": 0, "percent_statements_covered": 96.05263157894737, "percent_statements_covered_display": "96"}, "missing_lines": [36, 104, 131], "excluded_lines": [], "functions": {"AnomalyDetector.__init__": {"executed_lines": [22, 23], "summary": {"covered_lines": 2, "num_statements": 2, "percent_covered": 100.0, "percent_covered_display": "100", "missing_lines": 0, "excluded_lines": 0, "percent_statements_covered": 100.0, "percent_statements_covered_display": "100"}, "missing_lines": [], "excluded_lines": [], "start_line": 21}, "AnomalyDetector.analyze": {"executed_lines": [], "summary": {"covered_lines": 0, "num_statements": 1, "percent_covered": 0.0, "percent_covered_display": "0", "missing_lines": 1, "excluded_lines": 0, "percent_statements_covered": 0.0, "percent_statements_covered_display": "0"}, "missing_lines": [36], "excluded_lines": [], "start_line": 25}, "AnomalyDetector.detect_flow_anomalies": {"executed_lines": [49, 50, 51, 53, 56, 57, 61, 64, 67, 69], "summary": {"covered_lines": 10, "num_statements": 10, "percent_covered": 100.0, "percent_covered_display": "100", "missing_lines": 0, "excluded_lines": 0, "percent_statements_covered": 100.0, "percent_statements_covered_display": "100"}, "missing_lines": [], "excluded_lines": [], "start_line": 41}, "AnomalyDetector.detect_pl_drops": {"executed_lines": [79, 80, 82, 83, 86, 89, 91, 93], "summary": {"covered_lines": 8, "num_statements": 8, "percent_covered": 100.0, "percent_covered_display": "100", "missing_lines": 0, "excluded_lines": 0, "percent_statements_covered": 100.0, "percent_statements_covered_display": "100"}, "missing_lines": [], "excluded_lines": [], "start_line": 71}, "AnomalyDetector.detect_runs": {"executed_lines": [103, 106, 107, 110, 113, 116, 119, 121], "summary": {"covered_lines": 8, "num_statements": 9, "percent_covered": 88.88888888888889, "percent_covered_display": "89", "missing_lines": 1, "excluded_lines": 0, "percent_statements_covered": 88.88888888888889, "percent_statements_covered_display": "89"}, "missing_lines": [104], "excluded_lines": [], "start_line": 95}, "AnomalyDetector.detect_concentration_spikes": {"executed_lines": [130, 133, 136, 137, 140, 141, 144, 146], "summary": {"covered_lines": 8, "num_statements": 9, "percent_covered": 88.88888888888889, "percent_covered_display": "89", "missing_lines": 1, "excluded_lines": 0, "percent_statements_covered": 88.88888888888889, "percent_statements_covered_display": "89"}, "missing_lines": [131], "excluded_lines": [], "start_line": 123}, "AnomalyDetector.detect_divergence_flow_performance": {"executed_lines": [155, 156, 157, 159, 160, 163, 166, 169, 174, 177, 179], "summary": {"covered_lines": 11, "num_statements": 11, "percent_covered": 100.0, "percent_covered_display": "100", "missing_lines": 0, "excluded_lines": 0, "percent_statements_covered": 100.0, "percent_statements_covered_display": "100"}, "missing_lines": [], "excluded_lines": [], "start_line": 148}, "AnomalyDetector.generate_anomaly_report": {"executed_lines": [188, 191, 197, 200, 203, 206, 207, 209], "summary": {"covered_lines": 8, "num_statements": 8, "percent_covered": 100.0, "percent_covered_display": "100", "missing_lines": 0, "excluded_lines": 0, "percent_statements_covered": 100.0, "percent_statements_covered_display": "100"}, "missing_lines": [], "excluded_lines": [], "start_line": 181}, "": {"executed_lines": [1, 3, 4, 5, 6, 7, 12, 13, 15, 18, 21, 25, 41, 71, 95, 123, 148, 181], "summary": {"covered_lines": 18, "num_statements": 18, "percent_covered": 100.0, "percent_covered_display": "100", "missing_lines": 0, "excluded_lines": 0, "percent_statements_covered": 100.0, "percent_statements_covered_display": "100"}, "missing_lines": [], "excluded_lines": [], "start_line": 1}}, "classes": {"AnomalyDetector": {"executed_lines": [22, 23, 49, 50, 51, 53, 56, 57, 61, 64, 67, 69, 79, 80, 82, 83, 86, 89, 91, 93, 103, 106, 107, 110, 113, 116, 119, 121, 130, 133, 136, 137, 140, 141, 144, 146, 155, 156, 157, 159, 160, 163, 166, 169, 174, 177, 179, 188, 191, 197, 200, 203, 206, 207, 209], "summary": {"covered_lines": 55, "num_statements": 58, "percent_covered": 94.82758620689656, "percent_covered_display": "95", "missing_lines": 3, "excluded_lines": 0, "percent_statements_covered": 94.82758620689656, "percent_statements_covered_display": "95"}, "missing_lines": [36, 104, 131], "excluded_lines": [], "start_line": 18}, "": {"executed_lines": [1, 3, 4, 5, 6, 7, 12, 13, 15, 18, 21, 25, 41, 71, 95, 123, 148, 181], "summary": {"covered_lines": 18, "num_statements": 18, "percent_covered": 100.0, "percent_covered_display": "100", "missing_lines": 0, "excluded_lines": 0, "percent_statements_covered": 100.0, "percent_statements_covered_display": "100"}, "missing_lines": [], "excluded_lines": [], "start_line": 1}}}, "src/analyzers/base.py": {"executed_lines": [7, 9, 10, 11, 12, 13, 15, 18, 29, 36, 37, 39, 40, 51, 87, 104, 106, 107, 112, 129, 151], "summary": {"covered_lines": 21, "num_statements": 43, "percent_covered": 48.83720930232558, "percent_covered_display": "49", "missing_lines": 22, "excluded_lines": 0, "percent_statements_covered": 48.83720930232558, "percent_statements_covered_display": "49"}, "missing_lines": [49, 68, 69, 71, 72, 75, 76, 77, 78, 79, 80, 82, 84, 85, 120, 126, 127, 140, 146, 147, 149, 152], "excluded_lines": [], "functions": {"BaseAnalyzer.__init__": {"executed_lines": [36, 37], "summary": {"covered_lines": 2, "num_statements": 2, "percent_covered": 100.0, "percent_covered_display": "100", "missing_lines": 0, "excluded_lines": 0, "percent_statements_covered": 100.0, "percent_statements_covered_display": "100"}, "missing_lines": [], "excluded_lines": [], "start_line": 29}, "BaseAnalyzer.analyze": {"executed_lines": [], "summary": {"covered_lines": 0, "num_statements": 1, "percent_covered": 0.0, "percent_covered_display": "0", "missing_lines": 1, "excluded_lines": 0, "percent_statements_covered": 0.0, "percent_statements_covered_display": "0"}, "missing_lines": [49], "excluded_lines": [], "start_line": 40}, "BaseAnalyzer.generate_report": {"executed_lines": [], "summary": {"covered_lines": 0, "num_statements": 13, "percent_covered": 0.0, "percent_covered_display": "0", "missing_lines": 13, "excluded_lines": 0, "percent_statements_covered": 0.0, "percent_statements_covered_display": "0"}, "missing_lines": [68, 69, 71, 72, 75, 76, 77, 78, 79, 80, 82, 84, 85], "excluded_lines": [], "start_line": 51}, "BaseAnalyzer.validate_dataframe": {"executed_lines": [104, 106, 107], "summary": {"covered_lines": 3, "num_statements": 3, "percent_covered": 100.0, "percent_covered_display": "100", "missing_lines": 0, "excluded_lines": 0, "percent_statements_covered": 100.0, "percent_statements_covered_display": "100"}, "missing_lines": [], "excluded_lines": [], "start_line": 87}, "BaseAnalyzer.log": {"executed_lines": [], "summary": {"covered_lines": 0, "num_statements": 3, "percent_covered": 0.0, "percent_covered_display": "0", "missing_lines": 3, "excluded_lines": 0, "percent_statements_covered": 0.0, "percent_statements_covered_display": "0"}, "missing_lines": [120, 126, 127], "excluded_lines": [], "start_line": 112}, "BaseAnalyzer.create_summary_stats": {"executed_lines": [], "summary": {"covered_lines": 0, "num_statements": 4, "percent_covered": 0.0, "percent_covered_display": "0", "missing_lines": 4, "excluded_lines": 0, "percent_statements_covered": 0.0, "percent_statements_covered_display": "0"}, "missing_lines": [140, 146, 147, 149], "excluded_lines": [], "start_line": 129}, "BaseAnalyzer.__repr__": {"executed_lines": [], "summary": {"covered_lines": 0, "num_statements": 1, "percent_covered": 0.0, "percent_covered_display": "0", "missing_lines": 1, "excluded_lines": 0, "percent_statements_covered": 0.0, "percent_statements_covered_display": "0"}, "missing_lines": [152], "excluded_lines": [], "start_line": 151}, "": {"executed_lines": [7, 9, 10, 11, 12, 13, 15, 18, 29, 39, 40, 51, 87, 112, 129, 151], "summary": {"covered_lines": 16, "num_statements": 16, "percent_covered": 100.0, "percent_covered_display": "100", "missing_lines": 0, "excluded_lines": 0, "percent_statements_covered": 100.0, "percent_statements_covered_display": "100"}, "missing_lines": [], "excluded_lines": [], "start_line": 1}}, "classes": {"BaseAnalyzer": {"executed_lines": [36, 37, 104, 106, 107], "summary": {"covered_lines": 5, "num_statements": 27, "percent_covered": 18.51851851851852, "percent_covered_display": "19", "missing_lines": 22, "excluded_lines": 0, "percent_statements_covered": 18.51851851851852, "percent_statements_covered_display": "19"}, "missing_lines": [49, 68, 69, 71, 72, 75, 76, 77, 78, 79, 80, 82, 84, 85, 120, 126, 127, 140, 146, 147, 149, 152], "excluded_lines": [], "start_line": 18}, "": {"executed_lines": [7, 9, 10, 11, 12, 13, 15, 18, 29, 39, 40, 51, 87, 112, 129, 151], "summary": {"covered_lines": 16, "num_statements": 16, "percent_covered": 100.0, "percent_covered_display": "100", "missing_lines": 0, "excluded_lines": 0, "percent_statements_covered": 100.0, "percent_statements_covered_display": "100"}, "missing_lines": [], "excluded_lines": [], "start_line": 1}}}, "src/analyzers/benford_law.py": {"executed_lines": [16, 18, 19, 20, 21, 22, 24, 26, 29, 37, 40, 52, 57, 59, 70, 72, 73, 76, 77, 78, 80, 83, 84, 88, 90, 91, 92, 95, 96, 97, 100, 101, 102, 107, 109, 119, 122, 123, 125, 126, 127, 129, 131, 143, 145, 148, 149, 150, 151, 153, 154, 158, 161, 164, 167, 169, 171, 187, 188, 189, 190, 191, 193, 195, 208, 209, 211, 212, 219, 222, 225, 228, 229, 230, 231, 232, 233, 234, 238, 239, 242, 243, 244, 245, 247, 248, 250, 263, 281, 283, 286, 287, 289, 294, 295, 299, 300, 301, 302, 305, 306, 310, 311, 312, 315, 316, 320, 321, 324, 325, 329, 330, 333, 341, 348, 349, 351, 352, 361, 362, 364, 366, 367, 370, 371, 375, 377, 388, 389, 390, 392, 394, 395, 397, 398, 400, 401, 402, 403, 404, 405, 406, 408, 410, 414, 416, 430, 431, 432, 435, 438, 447, 455, 456, 457, 458, 459, 460, 461, 462, 464, 465, 466, 468], "summary": {"covered_lines": 164, "num_statements": 183, "percent_covered": 89.61748633879782, "percent_covered_display": "90", "missing_lines": 19, "excluded_lines": 0, "percent_statements_covered": 89.61748633879782, "percent_statements_covered_display": "90"}, "missing_lines": [103, 105, 120, 235, 236, 246, 353, 354, 355, 356, 358, 373, 411, 412, 439, 440, 442, 443, 444], "excluded_lines": [], "functions": {"BenfordLawAnalyzer.__init__": {"executed_lines": [57], "summary": {"covered_lines": 1, "num_statements": 1, "percent_covered": 100.0, "percent_covered_display": "100", "missing_lines": 0, "excluded_lines": 0, "percent_statements_covered": 100.0, "percent_statements_covered_display": "100"}, "missing_lines": [], "excluded_lines": [], "start_line": 52}, "BenfordLawAnalyzer.extract_first_digits": {"executed_lines": [70, 72, 73, 76, 77, 78, 80, 83, 84, 88, 90, 91, 92, 95, 96, 97, 100, 101, 102, 107], "summary": {"covered_lines": 20, "num_statements": 22, "percent_covered": 90.9090909090909, "percent_covered_display": "91", "missing_lines": 2, "excluded_lines": 0, "percent_statements_covered": 90.9090909090909, "percent_statements_covered_display": "91"}, "missing_lines": [103, 105], "excluded_lines": [], "start_line": 59}, "BenfordLawAnalyzer.calculate_observed_distribution": {"executed_lines": [119, 122, 123, 125, 126, 127, 129], "summary": {"covered_lines": 7, "num_statements": 8, "percent_covered": 87.5, "percent_covered_display": "88", "missing_lines": 1, "excluded_lines": 0, "percent_statements_covered": 87.5, "percent_statements_covered_display": "88"}, "missing_lines": [120], "excluded_lines": [], "start_line": 109}, "BenfordLawAnalyzer.chi_square_test": {"executed_lines": [143, 145, 148, 149, 150, 151, 153, 154, 158, 161, 164, 167, 169], "summary": {"covered_lines": 13, "num_statements": 13, "percent_covered": 100.0, "percent_covered_display": "100", "missing_lines": 0, "excluded_lines": 0, "percent_statements_covered": 100.0, "percent_statements_covered_display": "100"}, "missing_lines": [], "excluded_lines": [], "start_line": 131}, "BenfordLawAnalyzer.mean_absolute_deviation": {"executed_lines": [187, 188, 189, 190, 191, 193], "summary": {"covered_lines": 6, "num_statements": 6, "percent_covered": 100.0, "percent_covered_display": "100", "missing_lines": 0, "excluded_lines": 0, "percent_statements_covered": 100.0, "percent_statements_covered_display": "100"}, "missing_lines": [], "excluded_lines": [], "start_line": 171}, "BenfordLawAnalyzer.analyze_series": {"executed_lines": [208, 209, 211, 212, 219, 222, 225, 228, 229, 230, 231, 232, 233, 234, 238, 239, 242, 243, 244, 245, 247, 248, 250], "summary": {"covered_lines": 23, "num_statements": 26, "percent_covered": 88.46153846153847, "percent_covered_display": "88", "missing_lines": 3, "excluded_lines": 0, "percent_statements_covered": 88.46153846153847, "percent_statements_covered_display": "88"}, "missing_lines": [235, 236, 246], "excluded_lines": [], "start_line": 195}, "BenfordLawAnalyzer.analyze_fund_data": {"executed_lines": [281, 283, 286, 287, 289, 294, 295, 299, 300, 301, 302, 305, 306, 310, 311, 312, 315, 316, 320, 321, 324, 325, 329, 330, 333, 341, 348, 349, 351, 352, 361, 362, 364, 366, 367, 370, 371, 375], "summary": {"covered_lines": 38, "num_statements": 44, "percent_covered": 86.36363636363636, "percent_covered_display": "86", "missing_lines": 6, "excluded_lines": 0, "percent_statements_covered": 86.36363636363636, "percent_statements_covered_display": "86"}, "missing_lines": [353, 354, 355, 356, 358, 373], "excluded_lines": [], "start_line": 263}, "BenfordLawAnalyzer.plot_distribution": {"executed_lines": [388, 389, 390, 392, 394, 395, 397, 398, 400, 401, 402, 403, 404, 405, 406, 408, 410, 414], "summary": {"covered_lines": 18, "num_statements": 20, "percent_covered": 90.0, "percent_covered_display": "90", "missing_lines": 2, "excluded_lines": 0, "percent_statements_covered": 90.0, "percent_statements_covered_display": "90"}, "missing_lines": [411, 412], "excluded_lines": [], "start_line": 377}, "BenfordLawAnalyzer.generate_report": {"executed_lines": [430, 431, 432, 435, 438, 447, 455, 456, 457, 458, 459, 460, 461, 462, 464, 465, 466, 468], "summary": {"covered_lines": 18, "num_statements": 23, "percent_covered": 78.26086956521739, "percent_covered_display": "78", "missing_lines": 5, "excluded_lines": 0, "percent_statements_covered": 78.26086956521739, "percent_statements_covered_display": "78"}, "missing_lines": [439, 440, 442, 443, 444], "excluded_lines": [], "start_line": 416}, "": {"executed_lines": [16, 18, 19, 20, 21, 22, 24, 26, 29, 37, 40, 52, 59, 109, 131, 171, 195, 263, 377, 416], "summary": {"covered_lines": 20, "num_statements": 20, "percent_covered": 100.0, "percent_covered_display": "100", "missing_lines": 0, "excluded_lines": 0, "percent_statements_covered": 100.0, "percent_statements_covered_display": "100"}, "missing_lines": [], "excluded_lines": [], "start_line": 1}}, "classes": {"BenfordLawAnalyzer": {"executed_lines": [57, 70, 72, 73, 76, 77, 78, 80, 83, 84, 88, 90, 91, 92, 95, 96, 97, 100, 101, 102, 107, 119, 122, 123, 125, 126, 127, 129, 143, 145, 148, 149, 150, 151, 153, 154, 158, 161, 164, 167, 169, 187, 188, 189, 190, 191, 193, 208, 209, 211, 212, 219, 222, 225, 228, 229, 230, 231, 232, 233, 234, 238, 239, 242, 243, 244, 245, 247, 248, 250, 281, 283, 286, 287, 289, 294, 295, 299, 300, 301, 302, 305, 306, 310, 311, 312, 315, 316, 320, 321, 324, 325, 329, 330, 333, 341, 348, 349, 351, 352, 361, 362, 364, 366, 367, 370, 371, 375, 388, 389, 390, 392, 394, 395, 397, 398, 400, 401, 402, 403, 404, 405, 406, 408, 410, 414, 430, 431, 432, 435, 438, 447, 455, 456, 457, 458, 459, 460, 461, 462, 464, 465, 466, 468], "summary": {"covered_lines": 144, "num_statements": 163, "percent_covered": 88.34355828220859, "percent_covered_display": "88", "missing_lines": 19, "excluded_lines": 0, "percent_statements_covered": 88.34355828220859, "percent_statements_covered_display": "88"}, "missing_lines": [103, 105, 120, 235, 236, 246, 353, 354, 355, 356, 358, 373, 411, 412, 439, 440, 442, 443, 444], "excluded_lines": [], "start_line": 29}, "": {"executed_lines": [16, 18, 19, 20, 21, 22, 24, 26, 29, 37, 40, 52, 59, 109, 131, 171, 195, 263, 377, 416], "summary": {"covered_lines": 20, "num_statements": 20, "percent_covered": 100.0, "percent_covered_display": "100", "missing_lines": 0, "excluded_lines": 0, "percent_statements_covered": 100.0, "percent_statements_covered_display": "100"}, "missing_lines": [], "excluded_lines": [], "start_line": 1}}}, "src/analyzers/concentration.py": {"executed_lines": [8, 10, 11, 12, 13, 14, 19, 22, 33, 36, 43, 44, 46, 56, 66, 80, 83, 85, 88, 89, 91, 93, 105, 107, 108, 110, 112, 116, 119, 121, 122, 124, 125, 127, 128, 131, 132, 135, 138, 140, 163, 175, 177, 178, 180, 182, 183, 185, 186, 189, 195, 197, 198, 205, 206, 207, 208, 209, 210, 211, 213, 214, 215, 217, 219, 220, 221, 223, 225, 227, 300, 350], "summary": {"covered_lines": 72, "num_statements": 162, "percent_covered": 44.44444444444444, "percent_covered_display": "44", "missing_lines": 90, "excluded_lines": 0, "percent_statements_covered": 44.44444444444444, "percent_statements_covered_display": "44"}, "missing_lines": [53, 54, 63, 64, 81, 86, 113, 199, 200, 202, 239, 241, 242, 243, 245, 247, 248, 250, 251, 253, 255, 256, 258, 259, 261, 263, 264, 267, 268, 270, 271, 274, 275, 278, 279, 290, 292, 293, 294, 296, 298, 312, 314, 315, 316, 318, 320, 321, 322, 325, 327, 329, 330, 331, 336, 337, 338, 340, 342, 343, 344, 346, 348, 364, 365, 366, 369, 372, 375, 376, 377, 379, 380, 381, 382, 384, 385, 386, 387, 390, 391, 392, 394, 395, 397, 398, 399, 401, 402, 404], "excluded_lines": [], "functions": {"ConcentrationAnalyzer.__init__": {"executed_lines": [36, 43, 44], "summary": {"covered_lines": 3, "num_statements": 3, "percent_covered": 100.0, "percent_covered_display": "100", "missing_lines": 0, "excluded_lines": 0, "percent_statements_covered": 100.0, "percent_statements_covered_display": "100"}, "missing_lines": [], "excluded_lines": [], "start_line": 33}, "ConcentrationAnalyzer.load_fund_categories": {"executed_lines": [], "summary": {"covered_lines": 0, "num_statements": 2, "percent_covered": 0.0, "percent_covered_display": "0", "missing_lines": 2, "excluded_lines": 0, "percent_statements_covered": 0.0, "percent_statements_covered_display": "0"}, "missing_lines": [53, 54], "excluded_lines": [], "start_line": 46}, "ConcentrationAnalyzer.set_related_issuers": {"executed_lines": [], "summary": {"covered_lines": 0, "num_statements": 2, "percent_covered": 0.0, "percent_covered_display": "0", "missing_lines": 2, "excluded_lines": 0, "percent_statements_covered": 0.0, "percent_statements_covered_display": "0"}, "missing_lines": [63, 64], "excluded_lines": [], "start_line": 56}, "ConcentrationAnalyzer.calculate_herfindahl_index": {"executed_lines": [80, 83, 85, 88, 89, 91], "summary": {"covered_lines": 6, "num_statements": 8, "percent_covered": 75.0, "percent_covered_display": "75", "missing_lines": 2, "excluded_lines": 0, "percent_statements_covered": 75.0, "percent_statements_covered_display": "75"}, "missing_lines": [81, 86], "excluded_lines": [], "start_line": 66}, "ConcentrationAnalyzer.analyze_fund_concentration": {"executed_lines": [105, 107, 108, 110, 112, 116, 119, 121, 122, 124, 125, 127, 128, 131, 132, 135, 138, 140], "summary": {"covered_lines": 18, "num_statements": 19, "percent_covered": 94.73684210526316, "percent_covered_display": "95", "missing_lines": 1, "excluded_lines": 0, "percent_statements_covered": 94.73684210526316, "percent_statements_covered_display": "95"}, "missing_lines": [113], "excluded_lines": [], "start_line": 93}, "ConcentrationAnalyzer.detect_excessive_concentration": {"executed_lines": [175, 177, 178, 180, 182, 183, 185, 186, 189, 195, 197, 198, 205, 206, 207, 208, 209, 210, 211, 213, 214, 215, 217, 219, 220, 221, 223, 225], "summary": {"covered_lines": 28, "num_statements": 31, "percent_covered": 90.3225806451613, "percent_covered_display": "90", "missing_lines": 3, "excluded_lines": 0, "percent_statements_covered": 90.3225806451613, "percent_statements_covered_display": "90"}, "missing_lines": [199, 200, 202], "excluded_lines": [], "start_line": 163}, "ConcentrationAnalyzer.detect_related_party_concentration": {"executed_lines": [], "summary": {"covered_lines": 0, "num_statements": 31, "percent_covered": 0.0, "percent_covered_display": "0", "missing_lines": 31, "excluded_lines": 0, "percent_statements_covered": 0.0, "percent_statements_covered_display": "0"}, "missing_lines": [239, 241, 242, 243, 245, 247, 248, 250, 251, 253, 255, 256, 258, 259, 261, 263, 264, 267, 268, 270, 271, 274, 275, 278, 279, 290, 292, 293, 294, 296, 298], "excluded_lines": [], "start_line": 227}, "ConcentrationAnalyzer.analyze_concentration_evolution": {"executed_lines": [], "summary": {"covered_lines": 0, "num_statements": 22, "percent_covered": 0.0, "percent_covered_display": "0", "missing_lines": 22, "excluded_lines": 0, "percent_statements_covered": 0.0, "percent_statements_covered_display": "0"}, "missing_lines": [312, 314, 315, 316, 318, 320, 321, 322, 325, 327, 329, 330, 331, 336, 337, 338, 340, 342, 343, 344, 346, 348], "excluded_lines": [], "start_line": 300}, "ConcentrationAnalyzer.generate_concentration_report": {"executed_lines": [], "summary": {"covered_lines": 0, "num_statements": 27, "percent_covered": 0.0, "percent_covered_display": "0", "missing_lines": 27, "excluded_lines": 0, "percent_statements_covered": 0.0, "percent_statements_covered_display": "0"}, "missing_lines": [364, 365, 366, 369, 372, 375, 376, 377, 379, 380, 381, 382, 384, 385, 386, 387, 390, 391, 392, 394, 395, 397, 398, 399, 401, 402, 404], "excluded_lines": [], "start_line": 350}, "": {"executed_lines": [8, 10, 11, 12, 13, 14, 19, 22, 33, 46, 56, 66, 93, 163, 227, 300, 350], "summary": {"covered_lines": 17, "num_statements": 17, "percent_covered": 100.0, "percent_covered_display": "100", "missing_lines": 0, "excluded_lines": 0, "percent_statements_covered": 100.0, "percent_statements_covered_display": "100"}, "missing_lines": [], "excluded_lines": [], "start_line": 1}}, "classes": {"ConcentrationAnalyzer": {"executed_lines": [36, 43, 44, 80, 83, 85, 88, 89, 91, 105, 107, 108, 110, 112, 116, 119, 121, 122, 124, 125, 127, 128, 131, 132, 135, 138, 140, 175, 177, 178, 180, 182, 183, 185, 186, 189, 195, 197, 198, 205, 206, 207, 208, 209, 210, 211, 213, 214, 215, 217, 219, 220, 221, 223, 225], "summary": {"covered_lines": 55, "num_statements": 145, "percent_covered": 37.93103448275862, "percent_covered_display": "38", "missing_lines": 90, "excluded_lines": 0, "percent_statements_covered": 37.93103448275862, "percent_statements_covered_display": "38"}, "missing_lines": [53, 54, 63, 64, 81, 86, 113, 199, 200, 202, 239, 241, 242, 243, 245, 247, 248, 250, 251, 253, 255, 256, 258, 259, 261, 263, 264, 267, 268, 270, 271, 274, 275, 278, 279, 290, 292, 293, 294, 296, 298, 312, 314, 315, 316, 318, 320, 321, 322, 325, 327, 329, 330, 331, 336, 337, 338, 340, 342, 343, 344, 346, 348, 364, 365, 366, 369, 372, 375, 376, 377, 379, 380, 381, 382, 384, 385, 386, 387, 390, 391, 392, 394, 395, 397, 398, 399, 401, 402, 404], "excluded_lines": [], "start_line": 22}, "": {"executed_lines": [8, 10, 11, 12, 13, 14, 19, 22, 33, 46, 56, 66, 93, 163, 227, 300, 350], "summary": {"covered_lines": 17, "num_statements": 17, "percent_covered": 100.0, "percent_covered_display": "100", "missing_lines": 0, "excluded_lines": 0, "percent_statements_covered": 100.0, "percent_statements_covered_display": "100"}, "missing_lines": [], "excluded_lines": [], "start_line": 1}}}, "src/analyzers/cost_basis_analyzer.py": {"executed_lines": [11, 12, 14, 15, 17, 21, 23, 26, 29, 30, 36, 37, 38, 39, 40, 42, 43, 45, 46, 47, 49, 50, 51, 52, 53, 55, 59, 60, 61, 70, 72, 73, 74, 79, 80, 89, 91, 92, 93, 95, 96, 105, 107, 108, 109, 110, 111, 113, 117, 118, 119, 121, 122, 123, 126, 127, 129, 130, 139, 141, 142, 143, 144, 145, 146, 147, 148, 149], "summary": {"covered_lines": 68, "num_statements": 69, "percent_covered": 98.55072463768116, "percent_covered_display": "99", "missing_lines": 1, "excluded_lines": 0, "percent_statements_covered": 98.55072463768116, "percent_statements_covered_display": "99"}, "missing_lines": [124], "excluded_lines": [], "functions": {"CostBasisAnalyzer.analyze": {"executed_lines": [30, 36, 37, 38, 39, 40, 42, 43, 45, 46, 47], "summary": {"covered_lines": 11, "num_statements": 11, "percent_covered": 100.0, "percent_covered_display": "100", "missing_lines": 0, "excluded_lines": 0, "percent_statements_covered": 100.0, "percent_statements_covered_display": "100"}, "missing_lines": [], "excluded_lines": [], "start_line": 29}, "CostBasisAnalyzer._detect_unrealized_gain_anomaly": {"executed_lines": [50, 51, 52, 53, 55, 59, 60, 61, 70], "summary": {"covered_lines": 9, "num_statements": 9, "percent_covered": 100.0, "percent_covered_display": "100", "missing_lines": 0, "excluded_lines": 0, "percent_statements_covered": 100.0, "percent_statements_covered_display": "100"}, "missing_lines": [], "excluded_lines": [], "start_line": 49}, "CostBasisAnalyzer._detect_zero_cost_assets": {"executed_lines": [73, 74, 79, 80, 89], "summary": {"covered_lines": 5, "num_statements": 5, "percent_covered": 100.0, "percent_covered_display": "100", "missing_lines": 0, "excluded_lines": 0, "percent_statements_covered": 100.0, "percent_statements_covered_display": "100"}, "missing_lines": [], "excluded_lines": [], "start_line": 72}, "CostBasisAnalyzer._detect_negative_cost": {"executed_lines": [92, 93, 95, 96, 105], "summary": {"covered_lines": 5, "num_statements": 5, "percent_covered": 100.0, "percent_covered_display": "100", "missing_lines": 0, "excluded_lines": 0, "percent_statements_covered": 100.0, "percent_statements_covered_display": "100"}, "missing_lines": [], "excluded_lines": [], "start_line": 91}, "CostBasisAnalyzer._detect_systematic_overvaluation": {"executed_lines": [108, 109, 110, 111, 113, 117, 118, 119, 121, 122, 123, 126, 127, 129, 130, 139], "summary": {"covered_lines": 16, "num_statements": 17, "percent_covered": 94.11764705882354, "percent_covered_display": "94", "missing_lines": 1, "excluded_lines": 0, "percent_statements_covered": 94.11764705882354, "percent_statements_covered_display": "94"}, "missing_lines": [124], "excluded_lines": [], "start_line": 107}, "CostBasisAnalyzer._gain_severity": {"executed_lines": [143, 144, 145, 146, 147, 148, 149], "summary": {"covered_lines": 7, "num_statements": 7, "percent_covered": 100.0, "percent_covered_display": "100", "missing_lines": 0, "excluded_lines": 0, "percent_statements_covered": 100.0, "percent_statements_covered_display": "100"}, "missing_lines": [], "excluded_lines": [], "start_line": 142}, "": {"executed_lines": [11, 12, 14, 15, 17, 21, 23, 26, 29, 49, 72, 91, 107, 141, 142], "summary": {"covered_lines": 15, "num_statements": 15, "percent_covered": 100.0, "percent_covered_display": "100", "missing_lines": 0, "excluded_lines": 0, "percent_statements_covered": 100.0, "percent_statements_covered_display": "100"}, "missing_lines": [], "excluded_lines": [], "start_line": 1}}, "classes": {"CostBasisAnalyzer": {"executed_lines": [30, 36, 37, 38, 39, 40, 42, 43, 45, 46, 47, 50, 51, 52, 53, 55, 59, 60, 61, 70, 73, 74, 79, 80, 89, 92, 93, 95, 96, 105, 108, 109, 110, 111, 113, 117, 118, 119, 121, 122, 123, 126, 127, 129, 130, 139, 143, 144, 145, 146, 147, 148, 149], "summary": {"covered_lines": 53, "num_statements": 54, "percent_covered": 98.14814814814815, "percent_covered_display": "98", "missing_lines": 1, "excluded_lines": 0, "percent_statements_covered": 98.14814814814815, "percent_statements_covered_display": "98"}, "missing_lines": [124], "excluded_lines": [], "start_line": 26}, "": {"executed_lines": [11, 12, 14, 15, 17, 21, 23, 26, 29, 49, 72, 91, 107, 141, 142], "summary": {"covered_lines": 15, "num_statements": 15, "percent_covered": 100.0, "percent_covered_display": "100", "missing_lines": 0, "excluded_lines": 0, "percent_statements_covered": 100.0, "percent_statements_covered_display": "100"}, "missing_lines": [], "excluded_lines": [], "start_line": 1}}}, "src/analyzers/cross_fund_issuer.py": {"executed_lines": [11, 12, 14, 15, 17, 18, 19, 21, 24, 26, 27, 28, 29, 31, 32, 33, 36, 37, 38, 39, 41, 42, 43, 44, 45, 46, 47, 48, 49, 50, 52, 53, 55, 56, 57, 58, 59, 60, 61, 62, 63, 65, 68, 69, 70, 71, 73, 75, 78, 81, 86, 89, 93, 95, 96, 97, 98, 99, 100, 102, 103, 105, 106, 107, 109, 112, 113, 115, 116, 118, 128, 133, 134, 135, 144, 146, 147, 148, 149, 151, 153, 154, 156, 157, 158, 160, 161, 162, 163, 164, 165, 174, 176, 177, 179, 188, 189, 191, 192, 196, 200, 201, 210, 212, 215, 217, 218, 220, 222, 223, 224, 225, 237], "summary": {"covered_lines": 113, "num_statements": 118, "percent_covered": 95.76271186440678, "percent_covered_display": "96", "missing_lines": 5, "excluded_lines": 0, "percent_statements_covered": 95.76271186440678, "percent_statements_covered_display": "96"}, "missing_lines": [34, 159, 226, 227, 228], "excluded_lines": [], "functions": {"_jaro_winkler_similarity": {"executed_lines": [26, 27, 28, 29, 31, 32, 33, 36, 37, 38, 39, 41, 42, 43, 44, 45, 46, 47, 48, 49, 50, 52, 53, 55, 56, 57, 58, 59, 60, 61, 62, 63, 65, 68, 69, 70, 71, 73, 75], "summary": {"covered_lines": 39, "num_statements": 40, "percent_covered": 97.5, "percent_covered_display": "98", "missing_lines": 1, "excluded_lines": 0, "percent_statements_covered": 97.5, "percent_statements_covered_display": "98"}, "missing_lines": [34], "excluded_lines": [], "start_line": 24}, "CrossFundIssuerAnalyzer.analyze": {"executed_lines": [86, 89, 93, 95, 96, 97, 98, 99, 100, 102, 103, 105, 106, 107], "summary": {"covered_lines": 14, "num_statements": 14, "percent_covered": 100.0, "percent_covered_display": "100", "missing_lines": 0, "excluded_lines": 0, "percent_statements_covered": 100.0, "percent_statements_covered_display": "100"}, "missing_lines": [], "excluded_lines": [], "start_line": 81}, "CrossFundIssuerAnalyzer._enrich_with_admin": {"executed_lines": [112, 113], "summary": {"covered_lines": 2, "num_statements": 2, "percent_covered": 100.0, "percent_covered_display": "100", "missing_lines": 0, "excluded_lines": 0, "percent_statements_covered": 100.0, "percent_statements_covered_display": "100"}, "missing_lines": [], "excluded_lines": [], "start_line": 109}, "CrossFundIssuerAnalyzer._detect_captive_issuers": {"executed_lines": [116, 118, 128, 133, 134, 135, 144], "summary": {"covered_lines": 7, "num_statements": 7, "percent_covered": 100.0, "percent_covered_display": "100", "missing_lines": 0, "excluded_lines": 0, "percent_statements_covered": 100.0, "percent_statements_covered_display": "100"}, "missing_lines": [], "excluded_lines": [], "start_line": 115}, "CrossFundIssuerAnalyzer._detect_name_similarity": {"executed_lines": [147, 148, 149, 151, 153, 154, 156, 157, 158, 160, 161, 162, 163, 164, 165, 174], "summary": {"covered_lines": 16, "num_statements": 17, "percent_covered": 94.11764705882354, "percent_covered_display": "94", "missing_lines": 1, "excluded_lines": 0, "percent_statements_covered": 94.11764705882354, "percent_stat
[...]
{"executed_lines": [5, 6, 7, 8, 11, 16, 23, 24, 26, 45, 47, 48, 49, 51, 52, 53, 54, 56, 58, 60, 77, 79, 81, 82, 83, 84, 87, 88, 89, 90, 92, 94, 95, 96, 97, 98, 101, 102, 103, 104, 105, 106, 108, 111, 112, 113, 115, 117, 134, 136, 138, 139, 140, 143, 144, 146, 147, 149, 150, 151, 152, 153, 155, 156, 157, 158, 159, 161, 163, 182, 184, 185, 186, 187, 190, 191, 192, 193, 196, 197, 198, 199, 202, 203, 204, 205, 207], "summary": {"covered_lines": 87, "num_statements": 88, "percent_covered": 98.86363636363636, "percent_covered_display": "99", "missing_lines": 1, "excluded_lines": 0, "percent_statements_covered": 98.86363636363636, "percent_statements_covered_display": "99"}, "missing_lines": [50], "excluded_lines": [], "functions": {"ReportGenerator.__init__": {"executed_lines": [23, 24], "summary": {"covered_lines": 2, "num_statements": 2, "percent_covered": 100.0, "percent_covered_display": "100", "missing_lines": 0, "excluded_lines": 0, "percent_statements_covered": 100.0, "percent_statements_covered_display": "100"}, "missing_lines": [], "excluded_lines": [], "start_line": 16}, "ReportGenerator.save_dataframe": {"executed_lines": [45, 47, 48, 49, 51, 52, 53, 54, 56, 58], "summary": {"covered_lines": 10, "num_statements": 11, "percent_covered": 90.9090909090909, "percent_covered_display": "91", "missing_lines": 1, "excluded_lines": 0, "percent_statements_covered": 90.9090909090909, "percent_statements_covered_display": "91"}, "missing_lines": [50], "excluded_lines": [], "start_line": 26}, "ReportGenerator.create_summary_report": {"executed_lines": [77, 79, 81, 82, 83, 84, 87, 88, 89, 90, 92, 94, 95, 96, 97, 98, 101, 102, 103, 104, 105, 106, 108, 111, 112, 113, 115], "summary": {"covered_lines": 27, "num_statements": 27, "percent_covered": 100.0, "percent_covered_display": "100", "missing_lines": 0, "excluded_lines": 0, "percent_statements_covered": 100.0, "percent_statements_covered_display": "100"}, "missing_lines": [], "excluded_lines": [], "start_line": 60}, "ReportGenerator.create_markdown_report": {"executed_lines": [134, 136, 138, 139, 140, 143, 144, 146, 147, 149, 150, 151, 152, 153, 155, 156, 157, 158, 159, 161], "summary": {"covered_lines": 20, "num_statements": 20, "percent_covered": 100.0, "percent_covered_display": "100", "missing_lines": 0, "excluded_lines": 0, "percent_statements_covered": 100.0, "percent_statements_covered_display": "100"}, "missing_lines": [], "excluded_lines": [], "start_line": 117}, "ReportGenerator.create_executive_summary": {"executed_lines": [182, 184, 185, 186, 187, 190, 191, 192, 193, 196, 197, 198, 199, 202, 203, 204, 205, 207], "summary": {"covered_lines": 18, "num_statements": 18, "percent_covered": 100.0, "percent_covered_display": "100", "missing_lines": 0, "excluded_lines": 0, "percent_statements_covered": 100.0, "percent_statements_covered_display": "100"}, "missing_lines": [], "excluded_lines": [], "start_line": 163}, "": {"executed_lines": [5, 6, 7, 8, 11, 16, 26, 60, 117, 163], "summary": {"covered_lines": 10, "num_statements": 10, "percent_covered": 100.0, "percent_covered_display": "100", "missing_lines": 0, "excluded_lines": 0, "percent_statements_covered": 100.0, "percent_statements_covered_display": "100"}, "missing_lines": [], "excluded_lines": [], "start_line": 1}}, "classes": {"ReportGenerator": {"executed_lines": [23, 24, 45, 47, 48, 49, 51, 52, 53, 54, 56, 58, 77, 79, 81, 82, 83, 84, 87, 88, 89, 90, 92, 94, 95, 96, 97, 98, 101, 102, 103, 104, 105, 106, 108, 111, 112, 113, 115, 134, 136, 138, 139, 140, 143, 144, 146, 147, 149, 150, 151, 152, 153, 155, 156, 157, 158, 159, 161, 182, 184, 185, 186, 187, 190, 191, 192, 193, 196, 197, 198, 199, 202, 203, 204, 205, 207], "summary": {"covered_lines": 77, "num_statements": 78, "percent_covered": 98.71794871794872, "percent_covered_display": "99", "missing_lines": 1, "excluded_lines": 0, "percent_statements_covered": 98.71794871794872, "percent_statements_covered_display": "99"}, "missing_lines": [50], "excluded_lines": [], "start_line": 11}, "": {"executed_lines": [5, 6, 7, 8, 11, 16, 26, 60, 117, 163], "summary": {"covered_lines": 10, "num_statements": 10, "percent_covered": 100.0, "percent_covered_display": "100", "missing_lines": 0, "excluded_lines": 0, "percent_statements_covered": 100.0, "percent_statements_covered_display": "100"}, "missing_lines": [], "excluded_lines": [], "start_line": 1}}}, "src/utils/severity.py": {"executed_lines": [6, 7, 10, 12, 13, 14, 15, 16, 20, 29, 36, 37, 56, 57, 58, 59, 60, 61, 62, 63, 64, 66, 68, 69, 70, 71, 72, 73, 74, 75, 77, 79, 80, 90, 92, 93, 94, 95, 96, 97, 98, 99, 101, 103, 104, 122, 124, 125, 126, 127, 128, 129, 130, 131, 133, 135, 136, 148, 149, 150, 151, 152, 153, 154, 155, 157, 159, 160, 170, 177, 179, 180, 190, 197, 200, 211, 212, 214, 215, 216, 217, 219, 222, 232, 233, 235], "summary": {"covered_lines": 86, "num_statements": 86, "percent_covered": 100.0, "percent_covered_display": "100", "missing_lines": 0, "excluded_lines": 0, "percent_statements_covered": 100.0, "percent_statements_covered_display": "100"}, "missing_lines": [], "excluded_lines": [], "functions": {"SeverityClassifier.classify_by_threshold": {"executed_lines": [56, 57, 58, 59, 60, 61, 62, 63, 64, 66, 68, 69, 70, 71, 72, 73, 74, 75, 77], "summary": {"covered_lines": 19, "num_statements": 19, "percent_covered": 100.0, "percent_covered_display": "100", "missing_lines": 0, "excluded_lines": 0, "percent_statements_covered": 100.0, "percent_statements_covered_display": "100"}, "missing_lines": [], "excluded_lines": [], "start_line": 37}, "SeverityClassifier.classify_z_score": {"executed_lines": [90, 92, 93, 94, 95, 96, 97, 98, 99, 101], "summary": {"covered_lines": 10, "num_statements": 10, "percent_covered": 100.0, "percent_covered_display": "100", "missing_lines": 0, "excluded_lines": 0, "percent_statements_covered": 100.0, "percent_statements_covered_display": "100"}, "missing_lines": [], "excluded_lines": [], "start_line": 80}, "SeverityClassifier.classify_percentage_change": {"executed_lines": [122, 124, 125, 126, 127, 128, 129, 130, 131, 133], "summary": {"covered_lines": 10, "num_statements": 10, "percent_covered": 100.0, "percent_covered_display": "100", "missing_lines": 0, "excluded_lines": 0, "percent_statements_covered": 100.0, "percent_statements_covered_display": "100"}, "missing_lines": [], "excluded_lines": [], "start_line": 104}, "SeverityClassifier.classify_concentration": {"executed_lines": [148, 149, 150, 151, 152, 153, 154, 155, 157], "summary": {"covered_lines": 9, "num_statements": 9, "percent_covered": 100.0, "percent_covered_display": "100", "missing_lines": 0, "excluded_lines": 0, "percent_statements_covered": 100.0, "percent_statements_covered_display": "100"}, "missing_lines": [], "excluded_lines": [], "start_line": 136}, "SeverityClassifier.get_severity_color": {"executed_lines": [170, 177], "summary": {"covered_lines": 2, "num_statements": 2, "percent_covered": 100.0, "percent_covered_display": "100", "missing_lines": 0, "excluded_lines": 0, "percent_statements_covered": 100.0, "percent_statements_covered_display": "100"}, "missing_lines": [], "excluded_lines": [], "start_line": 160}, "SeverityClassifier.get_severity_emoji": {"executed_lines": [190, 197], "summary": {"covered_lines": 2, "num_statements": 2, "percent_covered": 100.0, "percent_covered_display": "100", "missing_lines": 0, "excluded_lines": 0, "percent_statements_covered": 100.0, "percent_statements_covered_display": "100"}, "missing_lines": [], "excluded_lines": [], "start_line": 180}, "compare_severity": {"executed_lines": [211, 212, 214, 215, 216, 217, 219], "summary": {"covered_lines": 7, "num_statements": 7, "percent_covered": 100.0, "percent_covered_display": "100", "missing_lines": 0, "excluded_lines": 0, "percent_statements_covered": 100.0, "percent_statements_covered_display": "100"}, "missing_lines": [], "excluded_lines": [], "start_line": 200}, "max_severity": {"executed_lines": [232, 233, 235], "summary": {"covered_lines": 3, "num_statements": 3, "percent_covered": 100.0, "percent_covered_display": "100", "missing_lines": 0, "excluded_lines": 0, "percent_statements_covered": 100.0, "percent_statements_covered_display": "100"}, "missing_lines": [], "excluded_lines": [], "start_line": 222}, "": {"executed_lines": [6, 7, 10, 12, 13, 14, 15, 16, 20, 29, 36, 37, 79, 80, 103, 104, 135, 136, 159, 160, 179, 180, 200, 222], "summary": {"covered_lines": 24, "num_statements": 24, "percent_covered": 100.0, "percent_covered_display": "100", "missing_lines": 0, "excluded_lines": 0, "percent_statements_covered": 100.0, "percent_statements_covered_display": "100"}, "missing_lines": [], "excluded_lines": [], "start_line": 1}}, "classes": {"SeverityLevel": {"executed_lines": [], "summary": {"covered_lines": 0, "num_statements": 0, "percent_covered": 100.0, "percent_covered_display": "100", "missing_lines": 0, "excluded_lines": 0, "percent_statements_covered": 100.0, "percent_statements_covered_display": "100"}, "missing_lines": [], "excluded_lines": [], "start_line": 10}, "SeverityClassifier": {"executed_lines": [56, 57, 58, 59, 60, 61, 62, 63, 64, 66, 68, 69, 70, 71, 72, 73, 74, 75, 77, 90, 92, 93, 94, 95, 96, 97, 98, 99, 101, 122, 124, 125, 126, 127, 128, 129, 130, 131, 133, 148, 149, 150, 151, 152, 153, 154, 155, 157, 170, 177, 190, 197], "summary": {"covered_lines": 52, "num_statements": 52, "percent_covered": 100.0, "percent_covered_display": "100", "missing_lines": 0, "excluded_lines": 0, "percent_statements_covered": 100.0, "percent_statements_covered_display": "100"}, "missing_lines": [], "excluded_lines": [], "start_line": 29}, "": {"executed_lines": [6, 7, 10, 12, 13, 14, 15, 16, 20, 29, 36, 37, 79, 80, 103, 104, 135, 136, 159, 160, 179, 180, 200, 211, 212, 214, 215, 216, 217, 219, 222, 232, 233, 235], "summary": {"covered_lines": 34, "num_statements": 34, "percent_covered": 100.0, "percent_covered_display": "100", "missing_lines": 0, "excluded_lines": 0, "percent_statements_covered": 100.0, "percent_statements_covered_display": "100"}, "missing_lines": [], "excluded_lines": [], "start_line": 1}}}, "src/utils/statistics.py": {"executed_lines": [6, 7, 8, 11, 23, 24, 26, 27, 28, 29, 30, 31, 33, 34, 35, 36, 37, 40, 52, 53, 55, 56, 59, 71, 72, 74, 75, 76, 78, 79, 81, 84, 98, 99, 102, 116, 117, 118, 119, 120, 121, 122, 123, 124, 125, 127, 130, 144, 146, 147, 148, 149, 151, 154, 168, 169, 171, 174, 188, 189, 191, 192, 198, 199, 202, 203, 210, 212, 215, 218, 219, 220, 221, 224, 225, 228, 231, 234, 244, 245, 248, 249, 250, 251, 252, 253, 257, 259, 260, 264, 265, 267, 271, 273, 276, 288, 290, 292, 295], "summary": {"covered_lines": 99, "num_statements": 100, "percent_covered": 99.0, "percent_covered_display": "99", "missing_lines": 1, "excluded_lines": 0, "percent_statements_covered": 99.0, "percent_statements_covered_display": "99"}, "missing_lines": [213], "excluded_lines": [], "functions": {"calculate_z_scores": {"executed_lines": [23, 24, 26, 27, 28, 29, 30, 31, 33, 34, 35, 36, 37], "summary": {"covered_lines": 13, "num_statements": 13, "percent_covered": 100.0, "percent_covered_display": "100", "missing_lines": 0, "excluded_lines": 0, "percent_statements_covered": 100.0, "percent_statements_covered_display": "100"}, "missing_lines": [], "excluded_lines": [], "start_line": 11}, "calculate_mad": {"executed_lines": [52, 53, 55, 56], "summary": {"covered_lines": 4, "num_statements": 4, "percent_covered": 100.0, "percent_covered_display": "100", "missing_lines": 0, "excluded_lines": 0, "percent_statements_covered": 100.0, "percent_statements_covered_display": "100"}, "missing_lines": [], "excluded_lines": [], "start_line": 40}, "detect_outliers_iqr": {"executed_lines": [71, 72, 74, 75, 76, 78, 79, 81], "summary": {"covered_lines": 8, "num_statements": 8, "percent_covered": 100.0, "percent_covered_display": "100", "missing_lines": 0, "excluded_lines": 0, "percent_statements_covered": 100.0, "percent_statements_covered_display": "100"}, "missing_lines": [], "excluded_lines": [], "start_line": 59}, "detect_outliers_zscore": {"executed_lines": [98, 99], "summary": {"covered_lines": 2, "num_statements": 2, "percent_covered": 100.0, "percent_covered_display": "100", "missing_lines": 0, "excluded_lines": 0, "percent_statements_covered": 100.0, "percent_statements_covered_display": "100"}, "missing_lines": [], "excluded_lines": [], "start_line": 84}, "calculate_rolling_stats": {"executed_lines": [116, 117, 118, 119, 120, 121, 122, 123, 124, 125, 127], "summary": {"covered_lines": 11, "num_statements": 11, "percent_covered": 100.0, "percent_covered_display": "100", "missing_lines": 0, "excluded_lines": 0, "percent_statements_covered": 100.0, "percent_statements_covered_display": "100"}, "missing_lines": [], "excluded_lines": [], "start_line": 102}, "calculate_pct_change": {"executed_lines": [144, 146, 147, 148, 149, 151], "summary": {"covered_lines": 6, "num_statements": 6, "percent_covered": 100.0, "percent_covered_display": "100", "missing_lines": 0, "excluded_lines": 0, "percent_statements_covered": 100.0, "percent_statements_covered_display": "100"}, "missing_lines": [], "excluded_lines": [], "start_line": 130}, "winsorize": {"executed_lines": [168, 169, 171], "summary": {"covered_lines": 3, "num_statements": 3, "percent_covered": 100.0, "percent_covered_display": "100", "missing_lines": 0, "excluded_lines": 0, "percent_statements_covered": 100.0, "percent_statements_covered_display": "100"}, "missing_lines": [], "excluded_lines": [], "start_line": 154}, "chi2_cdf": {"executed_lines": [188, 189, 191, 192, 198, 199, 202, 203, 210, 212, 215, 218, 219, 220, 221, 224, 225, 228, 231], "summary": {"covered_lines": 19, "num_statements": 20, "percent_covered": 95.0, "percent_covered_display": "95", "missing_lines": 1, "excluded_lines": 0, "percent_statements_covered": 95.0, "percent_statements_covered_display": "95"}, "missing_lines": [213], "excluded_lines": [], "start_line": 174}, "_log_gamma": {"executed_lines": [244, 245, 248, 249, 250, 251, 252, 253, 257, 259, 260, 264, 265, 267, 271, 273], "summary": {"covered_lines": 16, "num_statements": 16, "percent_covered": 100.0, "percent_covered_display": "100", "missing_lines": 0, "excluded_lines": 0, "percent_statements_covered": 100.0, "percent_statements_covered_display": "100"}, "missing_lines": [], "excluded_lines": [], "start_line": 234}, "_stirling_correction": {"executed_lines": [288, 290, 292, 295], "summary": {"covered_lines": 4, "num_statements": 4, "percent_covered": 100.0, "percent_covered_display": "100", "missing_lines": 0, "excluded_lines": 0, "percent_statements_covered": 100.0, "percent_statements_covered_display": "100"}, "missing_lines": [], "excluded_lines": [], "start_line": 276}, "": {"executed_lines": [6, 7, 8, 11, 40, 59, 84, 102, 130, 154, 174, 234, 276], "summary": {"covered_lines": 13, "num_statements": 13, "percent_covered": 100.0, "percent_covered_display": "100", "missing_lines": 0, "excluded_lines": 0, "percent_statements_covered": 100.0, "percent_statements_covered_display": "100"}, "missing_lines": [], "excluded_lines": [], "start_line": 1}}, "classes": {"": {"executed_lines": [6, 7, 8, 11, 23, 24, 26, 27, 28, 29, 30, 31, 33, 34, 35, 36, 37, 40, 52, 53, 55, 56, 59, 71, 72, 74, 75, 76, 78, 79, 81, 84, 98, 99, 102, 116, 117, 118, 119, 120, 121, 122, 123, 124, 125, 127, 130, 144, 146, 147, 148, 149, 151, 154, 168, 169, 171, 174, 188, 189, 191, 192, 198, 199, 202, 203, 210, 212, 215, 218, 219, 220, 221, 224, 225, 228, 231, 234, 244, 245, 248, 249, 250, 251, 252, 253, 257, 259, 260, 264, 265, 267, 271, 273, 276, 288, 290, 292, 295], "summary": {"covered_lines": 99, "num_statements": 100, "percent_covered": 99.0, "percent_covered_display": "99", "missing_lines": 1, "excluded_lines": 0, "percent_statements_covered": 99.0, "percent_statements_covered_display": "99"}, "missing_lines": [213], "excluded_lines": [], "start_line": 1}}}, "src/utils/validation.py": {"executed_lines": [5, 6, 7, 8, 11, 27, 28, 30, 32, 33, 39, 49, 51, 52, 55, 65, 66, 69, 72, 73, 76, 77, 79, 82, 98, 100, 101, 102, 103, 104, 105, 107, 110, 111, 112, 113, 115, 117, 118, 121, 139, 140, 142, 143, 145, 146, 148, 149, 151, 152, 154, 156, 157, 160, 170], "summary": {"covered_lines": 55, "num_statements": 56, "percent_covered": 98.21428571428571, "percent_covered_display": "98", "missing_lines": 1, "excluded_lines": 0, "percent_statements_covered": 98.21428571428571, "percent_statements_covered_display": "98"}, "missing_lines": [50], "excluded_lines": [], "functions": {"validate_dataframe": {"executed_lines": [27, 28, 30, 32, 33], "summary": {"covered_lines": 5, "num_statements": 5, "percent_covered": 100.0, "percent_covered_display": "100", "missing_lines": 0, "excluded_lines": 0, "percent_statements_covered": 100.0, "percent_statements_covered_display": "100"}, "missing_lines": [], "excluded_lines": [], "start_line": 11}, "normalize_cnpj_digits": {"executed_lines": [49, 51, 52], "summary": {"covered_lines": 3, "num_statements": 4, "percent_covered": 75.0, "percent_covered_display": "75", "missing_lines": 1, "excluded_lines": 0, "percent_statements_covered": 75.0, "percent_statements_covered_display": "75"}, "missing_lines": [50], "excluded_lines": [], "start_line": 39}, "validate_cnpj": {"executed_lines": [65, 66, 69, 72, 73, 76, 77, 79], "summary": {"covered_lines": 8, "num_statements": 8, "percent_covered": 100.0, "percent_covered_display": "100", "missing_lines": 0, "excluded_lines": 0, "percent_statements_covered": 100.0, "percent_statements_covered_display": "100"}, "missing_lines": [], "excluded_lines": [], "start_line": 55}, "validate_date": {"executed_lines": [98, 100, 101, 102, 103, 104, 105, 107, 110, 111, 112, 113, 115, 117, 118], "summary": {"covered_lines": 15, "num_statements": 15, "percent_covered": 100.0, "percent_covered_display": "100", "missing_lines": 0, "excluded_lines": 0, "percent_statements_covered": 100.0, "percent_statements_covered_display": "100"}, "missing_lines": [], "excluded_lines": [], "start_line": 82}, "validate_numeric": {"executed_lines": [139, 140, 142, 143, 145, 146, 148, 149, 151, 152, 154, 156, 157], "summary": {"covered_lines": 13, "num_statements": 13, "percent_covered": 100.0, "percent_covered_display": "100", "missing_lines": 0, "excluded_lines": 0, "percent_statements_covered": 100.0, "percent_statements_covered_display": "100"}, "missing_lines": [], "excluded_lines": [], "start_line": 121}, "validate_percentage": {"executed_lines": [170], "summary": {"covered_lines": 1, "num_statements": 1, "percent_covered": 100.0, "percent_covered_display": "100", "missing_lines": 0, "excluded_lines": 0, "percent_statements_covered": 100.0, "percent_statements_covered_display": "100"}, "missing_lines": [], "excluded_lines": [], "start_line": 160}, "": {"executed_lines": [5, 6, 7, 8, 11, 39, 55, 82, 121, 160], "summary": {"covered_lines": 10, "num_statements": 10, "percent_covered": 100.0, "percent_covered_display": "100", "missing_lines": 0, "excluded_lines": 0, "percent_statements_covered": 100.0, "percent_statements_covered_display": "100"}, "missing_lines": [], "excluded_lines": [], "start_line": 1}}, "classes": {"": {"executed_lines": [5, 6, 7, 8, 11, 27, 28, 30, 32, 33, 39, 49, 51, 52, 55, 65, 66, 69, 72, 73, 76, 77, 79, 82, 98, 100, 101, 102, 103, 104, 105, 107, 110, 111, 112, 113, 115, 117, 118, 121, 139, 140, 142, 143, 145, 146, 148, 149, 151, 152, 154, 156, 157, 160, 170], "summary": {"covered_lines": 55, "num_statements": 56, "percent_covered": 98.21428571428571, "percent_covered_display": "98", "missing_lines": 1, "excluded_lines": 0, "percent_statements_covered": 98.21428571428571, "percent_statements_covered_display": "98"}, "missing_lines": [50], "excluded_lines": [], "start_line": 1}}}}, "totals": {"covered_lines": 3117, "num_statements": 4308, "percent_covered": 72.35376044568245, "percent_covered_display": "72", "missing_lines": 1191, "excluded_lines": 0, "percent_statements_covered": 72.35376044568245, "percent_statements_covered_display": "72"}}